<?xml version="1.0" encoding="UTF-8"?>
<coverage generated="1500427215874" clover="3.2.0">
  <project timestamp="1500427215874" name="All files">
    <metrics statements="262" coveredstatements="260" conditionals="102" coveredconditionals="97" methods="93" coveredmethods="92" elements="457" coveredelements="449" complexity="0" loc="262" ncloc="262" packages="25" files="80" classes="80">
      <package name="app">
        <metrics statements="22" coveredstatements="21" conditionals="14" coveredconditionals="12" methods="5" coveredmethods="5"/>
        <file name="global-styles.js" path="/Users/eduardo/react-boilerplate/app/global-styles.js">
          <metrics statements="1" coveredstatements="0" conditionals="0" coveredconditionals="0" methods="0" coveredmethods="0"/>
          <line num="1" count="0" type="stmt"/>
        </file>
        <file name="i18n.js" path="/Users/eduardo/react-boilerplate/app/i18n.js">
          <metrics statements="9" coveredstatements="9" conditionals="6" coveredconditionals="6" methods="2" coveredmethods="2"/>
          <line num="16" count="5" type="stmt"/>
          <line num="17" count="5" type="stmt"/>
          <line num="19" count="5" type="stmt"/>
          <line num="24" count="5" type="stmt"/>
          <line num="25" count="18" type="stmt"/>
          <line num="28" count="18" type="stmt"/>
          <line num="29" count="386" type="stmt"/>
          <line num="32" count="386" type="stmt"/>
          <line num="36" count="5" type="stmt"/>
        </file>
        <file name="reducers.js" path="/Users/eduardo/react-boilerplate/app/reducers.js">
          <metrics statements="4" coveredstatements="4" conditionals="2" coveredconditionals="2" methods="2" coveredmethods="2"/>
          <line num="22" count="5" type="stmt"/>
          <line num="30" count="15" type="stmt"/>
          <line num="37" count="15" type="stmt"/>
          <line num="45" count="11" type="stmt"/>
        </file>
        <file name="store.js" path="/Users/eduardo/react-boilerplate/app/store.js">
          <metrics statements="8" coveredstatements="8" conditionals="6" coveredconditionals="4" methods="1" coveredmethods="1"/>
          <line num="11" count="5" type="stmt"/>
          <line num="17" count="7" type="stmt"/>
          <line num="22" count="7" type="stmt"/>
          <line num="29" count="7" type="stmt"/>
          <line num="35" count="7" type="stmt"/>
          <line num="42" count="7" type="stmt"/>
          <line num="43" count="7" type="stmt"/>
          <line num="58" count="7" type="stmt"/>
        </file>
      </package>
      <package name="app.components.A">
        <metrics statements="1" coveredstatements="1" conditionals="0" coveredconditionals="0" methods="0" coveredmethods="0"/>
        <file name="index.js" path="/Users/eduardo/react-boilerplate/app/components/A/index.js">
          <metrics statements="1" coveredstatements="1" conditionals="0" coveredconditionals="0" methods="0" coveredmethods="0"/>
          <line num="7" count="10" type="stmt"/>
        </file>
      </package>
      <package name="app.components.Button">
        <metrics statements="9" coveredstatements="9" conditionals="2" coveredconditionals="2" methods="1" coveredmethods="1"/>
        <file name="A.js" path="/Users/eduardo/react-boilerplate/app/components/Button/A.js">
          <metrics statements="1" coveredstatements="1" conditionals="0" coveredconditionals="0" methods="0" coveredmethods="0"/>
          <line num="5" count="2" type="stmt"/>
        </file>
        <file name="StyledButton.js" path="/Users/eduardo/react-boilerplate/app/components/Button/StyledButton.js">
          <metrics statements="1" coveredstatements="1" conditionals="0" coveredconditionals="0" methods="0" coveredmethods="0"/>
          <line num="5" count="2" type="stmt"/>
        </file>
        <file name="Wrapper.js" path="/Users/eduardo/react-boilerplate/app/components/Button/Wrapper.js">
          <metrics statements="1" coveredstatements="1" conditionals="0" coveredconditionals="0" methods="0" coveredmethods="0"/>
          <line num="3" count="2" type="stmt"/>
        </file>
        <file name="buttonStyles.js" path="/Users/eduardo/react-boilerplate/app/components/Button/buttonStyles.js">
          <metrics statements="1" coveredstatements="1" conditionals="0" coveredconditionals="0" methods="0" coveredmethods="0"/>
          <line num="3" count="3" type="stmt"/>
        </file>
        <file name="index.js" path="/Users/eduardo/react-boilerplate/app/components/Button/index.js">
          <metrics statements="5" coveredstatements="5" conditionals="2" coveredconditionals="2" methods="1" coveredmethods="1"/>
          <line num="18" count="7" type="stmt"/>
          <line num="24" count="7" type="stmt"/>
          <line num="25" count="2" type="stmt"/>
          <line num="32" count="7" type="stmt"/>
          <line num="39" count="1" type="stmt"/>
        </file>
      </package>
      <package name="app.components.Footer">
        <metrics statements="2" coveredstatements="2" conditionals="0" coveredconditionals="0" methods="1" coveredmethods="1"/>
        <file name="Wrapper.js" path="/Users/eduardo/react-boilerplate/app/components/Footer/Wrapper.js">
          <metrics statements="1" coveredstatements="1" conditionals="0" coveredconditionals="0" methods="0" coveredmethods="0"/>
          <line num="3" count="3" type="stmt"/>
        </file>
        <file name="index.js" path="/Users/eduardo/react-boilerplate/app/components/Footer/index.js">
          <metrics statements="1" coveredstatements="1" conditionals="0" coveredconditionals="0" methods="1" coveredmethods="1"/>
          <line num="10" count="2" type="stmt"/>
        </file>
        <file name="messages.js" path="/Users/eduardo/react-boilerplate/app/components/Footer/messages.js">
          <metrics statements="0" coveredstatements="0" conditionals="0" coveredconditionals="0" methods="0" coveredmethods="0"/>
        </file>
      </package>
      <package name="app.components.H1">
        <metrics statements="1" coveredstatements="1" conditionals="0" coveredconditionals="0" methods="0" coveredmethods="0"/>
        <file name="index.js" path="/Users/eduardo/react-boilerplate/app/components/H1/index.js">
          <metrics statements="1" coveredstatements="1" conditionals="0" coveredconditionals="0" methods="0" coveredmethods="0"/>
          <line num="3" count="3" type="stmt"/>
        </file>
      </package>
      <package name="app.components.H2">
        <metrics statements="1" coveredstatements="1" conditionals="0" coveredconditionals="0" methods="0" coveredmethods="0"/>
        <file name="index.js" path="/Users/eduardo/react-boilerplate/app/components/H2/index.js">
          <metrics statements="1" coveredstatements="1" conditionals="0" coveredconditionals="0" methods="0" coveredmethods="0"/>
          <line num="3" count="2" type="stmt"/>
        </file>
      </package>
      <package name="app.components.H3">
        <metrics statements="1" coveredstatements="1" conditionals="0" coveredconditionals="0" methods="1" coveredmethods="1"/>
        <file name="index.js" path="/Users/eduardo/react-boilerplate/app/components/H3/index.js">
          <metrics statements="1" coveredstatements="1" conditionals="0" coveredconditionals="0" methods="1" coveredmethods="1"/>
          <line num="4" count="2" type="stmt"/>
        </file>
      </package>
      <package name="app.components.Header">
        <metrics statements="3" coveredstatements="3" conditionals="0" coveredconditionals="0" methods="1" coveredmethods="1"/>
        <file name="A.js" path="/Users/eduardo/react-boilerplate/app/components/Header/A.js">
          <metrics statements="1" coveredstatements="1" conditionals="0" coveredconditionals="0" methods="0" coveredmethods="0"/>
          <line num="5" count="3" type="stmt"/>
        </file>
        <file name="HeaderLink.js" path="/Users/eduardo/react-boilerplate/app/components/Header/HeaderLink.js">
          <metrics statements="0" coveredstatements="0" conditionals="0" coveredconditionals="0" methods="0" coveredmethods="0"/>
        </file>
        <file name="Img.js" path="/Users/eduardo/react-boilerplate/app/components/Header/Img.js">
          <metrics statements="1" coveredstatements="1" conditionals="0" coveredconditionals="0" methods="0" coveredmethods="0"/>
          <line num="5" count="3" type="stmt"/>
        </file>
        <file name="NavBar.js" path="/Users/eduardo/react-boilerplate/app/components/Header/NavBar.js">
          <metrics statements="0" coveredstatements="0" conditionals="0" coveredconditionals="0" methods="0" coveredmethods="0"/>
        </file>
        <file name="index.js" path="/Users/eduardo/react-boilerplate/app/components/Header/index.js">
          <metrics statements="1" coveredstatements="1" conditionals="0" coveredconditionals="0" methods="1" coveredmethods="1"/>
          <line num="13" count="1" type="stmt"/>
        </file>
        <file name="messages.js" path="/Users/eduardo/react-boilerplate/app/components/Header/messages.js">
          <metrics statements="0" coveredstatements="0" conditionals="0" coveredconditionals="0" methods="0" coveredmethods="0"/>
        </file>
      </package>
      <package name="app.components.Img">
        <metrics statements="2" coveredstatements="2" conditionals="0" coveredconditionals="0" methods="1" coveredmethods="1"/>
        <file name="index.js" path="/Users/eduardo/react-boilerplate/app/components/Img/index.js">
          <metrics statements="2" coveredstatements="2" conditionals="0" coveredconditionals="0" methods="1" coveredmethods="1"/>
          <line num="11" count="10" type="stmt"/>
          <line num="17" count="4" type="stmt"/>
        </file>
      </package>
      <package name="app.components.IssueIcon">
        <metrics statements="2" coveredstatements="2" conditionals="0" coveredconditionals="0" methods="1" coveredmethods="1"/>
        <file name="index.js" path="/Users/eduardo/react-boilerplate/app/components/IssueIcon/index.js">
          <metrics statements="2" coveredstatements="2" conditionals="0" coveredconditionals="0" methods="1" coveredmethods="1"/>
          <line num="4" count="7" type="stmt"/>
          <line num="15" count="5" type="stmt"/>
        </file>
      </package>
      <package name="app.components.List">
        <metrics statements="10" coveredstatements="10" conditionals="2" coveredconditionals="2" methods="2" coveredmethods="2"/>
        <file name="Ul.js" path="/Users/eduardo/react-boilerplate/app/components/List/Ul.js">
          <metrics statements="1" coveredstatements="1" conditionals="0" coveredconditionals="0" methods="0" coveredmethods="0"/>
          <line num="3" count="4" type="stmt"/>
        </file>
        <file name="Wrapper.js" path="/Users/eduardo/react-boilerplate/app/components/List/Wrapper.js">
          <metrics statements="1" coveredstatements="1" conditionals="0" coveredconditionals="0" methods="0" coveredmethods="0"/>
          <line num="3" count="4" type="stmt"/>
        </file>
        <file name="index.js" path="/Users/eduardo/react-boilerplate/app/components/List/index.js">
          <metrics statements="8" coveredstatements="8" conditionals="2" coveredconditionals="2" methods="2" coveredmethods="2"/>
          <line num="7" count="4" type="stmt"/>
          <line num="8" count="4" type="stmt"/>
          <line num="11" count="4" type="stmt"/>
          <line num="12" count="1" type="stmt"/>
          <line num="13" count="2" type="stmt"/>
          <line num="17" count="3" type="stmt"/>
          <line num="20" count="4" type="stmt"/>
          <line num="29" count="3" type="stmt"/>
        </file>
      </package>
      <package name="app.components.ListItem">
        <metrics statements="4" coveredstatements="4" conditionals="0" coveredconditionals="0" methods="1" coveredmethods="1"/>
        <file name="Item.js" path="/Users/eduardo/react-boilerplate/app/components/ListItem/Item.js">
          <metrics statements="1" coveredstatements="1" conditionals="0" coveredconditionals="0" methods="0" coveredmethods="0"/>
          <line num="3" count="6" type="stmt"/>
        </file>
        <file name="Wrapper.js" path="/Users/eduardo/react-boilerplate/app/components/ListItem/Wrapper.js">
          <metrics statements="1" coveredstatements="1" conditionals="0" coveredconditionals="0" methods="0" coveredmethods="0"/>
          <line num="3" count="6" type="stmt"/>
        </file>
        <file name="index.js" path="/Users/eduardo/react-boilerplate/app/components/ListItem/index.js">
          <metrics statements="2" coveredstatements="2" conditionals="0" coveredconditionals="0" methods="1" coveredmethods="1"/>
          <line num="7" count="12" type="stmt"/>
          <line num="16" count="5" type="stmt"/>
        </file>
      </package>
      <package name="app.components.LoadingIndicator">
        <metrics statements="8" coveredstatements="8" conditionals="4" coveredconditionals="4" methods="2" coveredmethods="2"/>
        <file name="Circle.js" path="/Users/eduardo/react-boilerplate/app/components/LoadingIndicator/Circle.js">
          <metrics statements="5" coveredstatements="5" conditionals="4" coveredconditionals="4" methods="1" coveredmethods="1"/>
          <line num="4" count="4" type="stmt"/>
          <line num="16" count="4" type="stmt"/>
          <line num="17" count="15" type="stmt"/>
          <line num="44" count="15" type="stmt"/>
          <line num="47" count="4" type="stmt"/>
        </file>
        <file name="Wrapper.js" path="/Users/eduardo/react-boilerplate/app/components/LoadingIndicator/Wrapper.js">
          <metrics statements="1" coveredstatements="1" conditionals="0" coveredconditionals="0" methods="0" coveredmethods="0"/>
          <line num="3" count="4" type="stmt"/>
        </file>
        <file name="index.js" path="/Users/eduardo/react-boilerplate/app/components/LoadingIndicator/index.js">
          <metrics statements="2" coveredstatements="2" conditionals="0" coveredconditionals="0" methods="1" coveredmethods="1"/>
          <line num="6" count="3" type="stmt"/>
          <line num="7" count="1" type="stmt"/>
        </file>
      </package>
      <package name="app.components.ProgressBar">
        <metrics statements="51" coveredstatements="51" conditionals="34" coveredconditionals="33" methods="20" coveredmethods="20"/>
        <file name="Percent.js" path="/Users/eduardo/react-boilerplate/app/components/ProgressBar/Percent.js">
          <metrics statements="0" coveredstatements="0" conditionals="0" coveredconditionals="0" methods="0" coveredmethods="0"/>
        </file>
        <file name="ProgressBar.js" path="/Users/eduardo/react-boilerplate/app/components/ProgressBar/ProgressBar.js">
          <metrics statements="35" coveredstatements="35" conditionals="21" coveredconditionals="20" methods="10" coveredmethods="10"/>
          <line num="20" count="21" type="stmt"/>
          <line num="21" count="21" type="stmt"/>
          <line num="22" count="21" type="stmt"/>
          <line num="23" count="21" type="stmt"/>
          <line num="29" count="19" type="stmt"/>
          <line num="33" count="8" type="stmt"/>
          <line num="35" count="5" type="stmt"/>
          <line num="36" count="5" type="stmt"/>
          <line num="38" count="8" type="stmt"/>
          <line num="40" count="1" type="stmt"/>
          <line num="41" count="1" type="stmt"/>
          <line num="44" count="8" type="stmt"/>
          <line num="49" count="3" type="stmt"/>
          <line num="50" count="2" type="stmt"/>
          <line num="51" count="2" type="stmt"/>
          <line num="53" count="3" type="stmt"/>
          <line num="54" count="1" type="stmt"/>
          <line num="55" count="1" type="stmt"/>
          <line num="64" count="39" type="stmt"/>
          <line num="65" count="39" type="stmt"/>
          <line num="66" count="39" type="stmt"/>
          <line num="67" count="39" type="stmt"/>
          <line num="77" count="27" type="stmt"/>
          <line num="78" count="12" type="stmt"/>
          <line num="87" count="27" type="stmt"/>
          <line num="88" count="5" type="stmt"/>
          <line num="91" count="5" type="stmt"/>
          <line num="92" count="4" type="stmt"/>
          <line num="94" count="4" type="stmt"/>
          <line num="98" count="22" type="stmt"/>
          <line num="105" count="91" type="stmt"/>
          <line num="108" count="91" type="stmt"/>
          <line num="111" count="91" type="stmt"/>
          <line num="113" count="91" type="stmt"/>
          <line num="121" count="3" type="stmt"/>
        </file>
        <file name="Wrapper.js" path="/Users/eduardo/react-boilerplate/app/components/ProgressBar/Wrapper.js">
          <metrics statements="3" coveredstatements="3" conditionals="6" coveredconditionals="6" methods="3" coveredmethods="3"/>
          <line num="8" count="90" type="stmt"/>
          <line num="9" count="90" type="stmt"/>
          <line num="11" count="90" type="stmt"/>
        </file>
        <file name="index.js" path="/Users/eduardo/react-boilerplate/app/components/ProgressBar/index.js">
          <metrics statements="13" coveredstatements="13" conditionals="7" coveredconditionals="7" methods="7" coveredmethods="7"/>
          <line num="7" count="8" type="stmt"/>
          <line num="8" count="8" type="stmt"/>
          <line num="12" count="8" type="stmt"/>
          <line num="27" count="4" type="stmt"/>
          <line num="28" count="4" type="stmt"/>
          <line num="31" count="4" type="stmt"/>
          <line num="32" count="1" type="stmt"/>
          <line num="33" count="1" type="stmt"/>
          <line num="41" count="1" type="stmt"/>
          <line num="45" count="2" type="stmt"/>
          <line num="49" count="12" type="stmt"/>
          <line num="58" count="2" type="stmt"/>
          <line num="63" count="2" type="stmt"/>
        </file>
      </package>
      <package name="app.components.ReposList">
        <metrics statements="10" coveredstatements="10" conditionals="6" coveredconditionals="6" methods="2" coveredmethods="2"/>
        <file name="index.js" path="/Users/eduardo/react-boilerplate/app/components/ReposList/index.js">
          <metrics statements="10" coveredstatements="10" conditionals="6" coveredconditionals="6" methods="2" coveredmethods="2"/>
          <line num="9" count="5" type="stmt"/>
          <line num="10" count="1" type="stmt"/>
          <line num="13" count="4" type="stmt"/>
          <line num="14" count="2" type="stmt"/>
          <line num="15" count="2" type="stmt"/>
          <line num="17" count="2" type="stmt"/>
          <line num="20" count="2" type="stmt"/>
          <line num="21" count="1" type="stmt"/>
          <line num="24" count="1" type="stmt"/>
          <line num="27" count="2" type="stmt"/>
        </file>
      </package>
      <package name="app.components.Toggle">
        <metrics statements="7" coveredstatements="7" conditionals="2" coveredconditionals="1" methods="2" coveredmethods="2"/>
        <file name="Select.js" path="/Users/eduardo/react-boilerplate/app/components/Toggle/Select.js">
          <metrics statements="1" coveredstatements="1" conditionals="0" coveredconditionals="0" methods="0" coveredmethods="0"/>
          <line num="3" count="5" type="stmt"/>
        </file>
        <file name="index.js" path="/Users/eduardo/react-boilerplate/app/components/Toggle/index.js">
          <metrics statements="6" coveredstatements="6" conditionals="2" coveredconditionals="1" methods="2" coveredmethods="2"/>
          <line num="13" count="1" type="stmt"/>
          <line num="16" count="1" type="stmt"/>
          <line num="17" count="1" type="stmt"/>
          <line num="18" count="2" type="stmt"/>
          <line num="22" count="1" type="stmt"/>
          <line num="29" count="4" type="stmt"/>
        </file>
      </package>
      <package name="app.components.ToggleOption">
        <metrics statements="3" coveredstatements="3" conditionals="2" coveredconditionals="2" methods="1" coveredmethods="1"/>
        <file name="index.js" path="/Users/eduardo/react-boilerplate/app/components/ToggleOption/index.js">
          <metrics statements="3" coveredstatements="3" conditionals="2" coveredconditionals="2" methods="1" coveredmethods="1"/>
          <line num="10" count="5" type="stmt"/>
          <line num="11" count="3" type="stmt"/>
          <line num="16" count="5" type="stmt"/>
        </file>
      </package>
      <package name="app.containers.App">
        <metrics statements="32" coveredstatements="32" conditionals="7" coveredconditionals="7" methods="16" coveredmethods="16"/>
        <file name="actions.js" path="/Users/eduardo/react-boilerplate/app/containers/App/actions.js">
          <metrics statements="3" coveredstatements="3" conditionals="0" coveredconditionals="0" methods="3" coveredmethods="3"/>
          <line num="30" count="5" type="stmt"/>
          <line num="44" count="4" type="stmt"/>
          <line num="59" count="4" type="stmt"/>
        </file>
        <file name="constants.js" path="/Users/eduardo/react-boilerplate/app/containers/App/constants.js">
          <metrics statements="4" coveredstatements="4" conditionals="0" coveredconditionals="0" methods="0" coveredmethods="0"/>
          <line num="12" count="14" type="stmt"/>
          <line num="13" count="14" type="stmt"/>
          <line num="14" count="14" type="stmt"/>
          <line num="15" count="14" type="stmt"/>
        </file>
        <file name="index.js" path="/Users/eduardo/react-boilerplate/app/containers/App/index.js">
          <metrics statements="3" coveredstatements="3" conditionals="0" coveredconditionals="0" methods="1" coveredmethods="1"/>
          <line num="17" count="1" type="stmt"/>
          <line num="27" count="3" type="stmt"/>
          <line num="43" count="1" type="stmt"/>
        </file>
        <file name="reducer.js" path="/Users/eduardo/react-boilerplate/app/containers/App/reducer.js">
          <metrics statements="6" coveredstatements="6" conditionals="5" coveredconditionals="5" methods="1" coveredmethods="1"/>
          <line num="22" count="6" type="stmt"/>
          <line num="32" count="19" type="stmt"/>
          <line num="34" count="1" type="stmt"/>
          <line num="39" count="1" type="stmt"/>
          <line num="44" count="1" type="stmt"/>
          <line num="48" count="16" type="stmt"/>
        </file>
        <file name="selectors.js" path="/Users/eduardo/react-boilerplate/app/containers/App/selectors.js">
          <metrics statements="16" coveredstatements="16" conditionals="2" coveredconditionals="2" methods="11" coveredmethods="11"/>
          <line num="7" count="5" type="stmt"/>
          <line num="9" count="5" type="stmt"/>
          <line num="11" count="1" type="stmt"/>
          <line num="14" count="5" type="stmt"/>
          <line num="16" count="1" type="stmt"/>
          <line num="19" count="5" type="stmt"/>
          <line num="21" count="1" type="stmt"/>
          <line num="24" count="5" type="stmt"/>
          <line num="26" count="1" type="stmt"/>
          <line num="29" count="5" type="stmt"/>
          <line num="33" count="3" type="stmt"/>
          <line num="34" count="4" type="stmt"/>
          <line num="36" count="4" type="stmt"/>
          <line num="37" count="3" type="stmt"/>
          <line num="38" count="3" type="stmt"/>
          <line num="41" count="4" type="stmt"/>
        </file>
      </package>
      <package name="app.containers.FeaturePage">
        <metrics statements="5" coveredstatements="4" conditionals="0" coveredconditionals="0" methods="2" coveredmethods="1"/>
        <file name="List.js" path="/Users/eduardo/react-boilerplate/app/containers/FeaturePage/List.js">
          <metrics statements="1" coveredstatements="1" conditionals="0" coveredconditionals="0" methods="0" coveredmethods="0"/>
          <line num="3" count="2" type="stmt"/>
        </file>
        <file name="ListItem.js" path="/Users/eduardo/react-boilerplate/app/containers/FeaturePage/ListItem.js">
          <metrics statements="1" coveredstatements="1" conditionals="0" coveredconditionals="0" methods="0" coveredmethods="0"/>
          <line num="3" count="2" type="stmt"/>
        </file>
        <file name="ListItemTitle.js" path="/Users/eduardo/react-boilerplate/app/containers/FeaturePage/ListItemTitle.js">
          <metrics statements="1" coveredstatements="1" conditionals="0" coveredconditionals="0" methods="0" coveredmethods="0"/>
          <line num="3" count="2" type="stmt"/>
        </file>
        <file name="index.js" path="/Users/eduardo/react-boilerplate/app/containers/FeaturePage/index.js">
          <metrics statements="2" coveredstatements="1" conditionals="0" coveredconditionals="0" methods="2" coveredmethods="1"/>
          <line num="21" count="0" type="stmt"/>
          <line num="25" count="1" type="stmt"/>
        </file>
        <file name="messages.js" path="/Users/eduardo/react-boilerplate/app/containers/FeaturePage/messages.js">
          <metrics statements="0" coveredstatements="0" conditionals="0" coveredconditionals="0" methods="0" coveredmethods="0"/>
        </file>
      </package>
      <package name="app.containers.HomePage">
        <metrics statements="34" coveredstatements="34" conditionals="11" coveredconditionals="10" methods="12" coveredmethods="12"/>
        <file name="AtPrefix.js" path="/Users/eduardo/react-boilerplate/app/containers/HomePage/AtPrefix.js">
          <metrics statements="1" coveredstatements="1" conditionals="0" coveredconditionals="0" methods="0" coveredmethods="0"/>
          <line num="3" count="2" type="stmt"/>
        </file>
        <file name="CenteredSection.js" path="/Users/eduardo/react-boilerplate/app/containers/HomePage/CenteredSection.js">
          <metrics statements="1" coveredstatements="1" conditionals="0" coveredconditionals="0" methods="0" coveredmethods="0"/>
          <line num="5" count="2" type="stmt"/>
        </file>
        <file name="Form.js" path="/Users/eduardo/react-boilerplate/app/containers/HomePage/Form.js">
          <metrics statements="1" coveredstatements="1" conditionals="0" coveredconditionals="0" methods="0" coveredmethods="0"/>
          <line num="3" count="2" type="stmt"/>
        </file>
        <file name="Input.js" path="/Users/eduardo/react-boilerplate/app/containers/HomePage/Input.js">
          <metrics statements="1" coveredstatements="1" conditionals="0" coveredconditionals="0" methods="0" coveredmethods="0"/>
          <line num="3" count="2" type="stmt"/>
        </file>
        <file name="Section.js" path="/Users/eduardo/react-boilerplate/app/containers/HomePage/Section.js">
          <metrics statements="1" coveredstatements="1" conditionals="0" coveredconditionals="0" methods="0" coveredmethods="0"/>
          <line num="3" count="3" type="stmt"/>
        </file>
        <file name="actions.js" path="/Users/eduardo/react-boilerplate/app/containers/HomePage/actions.js">
          <metrics statements="1" coveredstatements="1" conditionals="0" coveredconditionals="0" methods="1" coveredmethods="1"/>
          <line num="30" count="4" type="stmt"/>
        </file>
        <file name="constants.js" path="/Users/eduardo/react-boilerplate/app/containers/HomePage/constants.js">
          <metrics statements="1" coveredstatements="1" conditionals="0" coveredconditionals="0" methods="0" coveredmethods="0"/>
          <line num="12" count="3" type="stmt"/>
        </file>
        <file name="index.js" path="/Users/eduardo/react-boilerplate/app/containers/HomePage/index.js">
          <metrics statements="11" coveredstatements="11" conditionals="8" coveredconditionals="7" methods="5" coveredmethods="5"/>
          <line num="31" count="1" type="stmt"/>
          <line num="32" count="1" type="stmt"/>
          <line num="37" count="2" type="stmt"/>
          <line num="38" count="2" type="stmt"/>
          <line num="44" count="2" type="stmt"/>
          <line num="88" count="1" type="stmt"/>
          <line num="104" count="5" type="stmt"/>
          <line num="105" count="1" type="stmt"/>
          <line num="107" count="2" type="stmt"/>
          <line num="108" count="2" type="stmt"/>
          <line num="113" count="1" type="stmt"/>
        </file>
        <file name="messages.js" path="/Users/eduardo/react-boilerplate/app/containers/HomePage/messages.js">
          <metrics statements="0" coveredstatements="0" conditionals="0" coveredconditionals="0" methods="0" coveredmethods="0"/>
        </file>
        <file name="reducer.js" path="/Users/eduardo/react-boilerplate/app/containers/HomePage/reducer.js">
          <metrics statements="4" coveredstatements="4" conditionals="3" coveredconditionals="3" methods="1" coveredmethods="1"/>
          <line num="19" count="1" type="stmt"/>
          <line num="24" count="2" type="stmt"/>
          <line num="28" count="1" type="stmt"/>
          <line num="31" count="1" type="stmt"/>
        </file>
        <file name="sagas.js" path="/Users/eduardo/react-boilerplate/app/containers/HomePage/sagas.js">
          <metrics statements="9" coveredstatements="9" conditionals="0" coveredconditionals="0" methods="2" coveredmethods="2"/>
          <line num="18" count="2" type="stmt"/>
          <line num="19" count="2" type="stmt"/>
          <line num="21" count="2" type="stmt"/>
          <line num="23" count="2" type="stmt"/>
          <line num="24" count="1" type="stmt"/>
          <line num="26" count="1" type="stmt"/>
          <line num="37" count="1" type="stmt"/>
          <line num="40" count="1" type="stmt"/>
          <line num="41" count="1" type="stmt"/>
        </file>
        <file name="selectors.js" path="/Users/eduardo/react-boilerplate/app/containers/HomePage/selectors.js">
          <metrics statements="3" coveredstatements="3" conditionals="0" coveredconditionals="0" methods="3" coveredmethods="3"/>
          <line num="7" count="3" type="stmt"/>
          <line num="9" count="4" type="stmt"/>
          <line num="11" count="1" type="stmt"/>
        </file>
      </package>
      <package name="app.containers.LanguageProvider">
        <metrics statements="13" coveredstatements="13" conditionals="3" coveredconditionals="3" methods="7" coveredmethods="7"/>
        <file name="actions.js" path="/Users/eduardo/react-boilerplate/app/containers/LanguageProvider/actions.js">
          <metrics statements="1" coveredstatements="1" conditionals="0" coveredconditionals="0" methods="1" coveredmethods="1"/>
          <line num="12" count="3" type="stmt"/>
        </file>
        <file name="constants.js" path="/Users/eduardo/react-boilerplate/app/containers/LanguageProvider/constants.js">
          <metrics statements="1" coveredstatements="1" conditionals="0" coveredconditionals="0" methods="0" coveredmethods="0"/>
          <line num="7" count="10" type="stmt"/>
        </file>
        <file name="index.js" path="/Users/eduardo/react-boilerplate/app/containers/LanguageProvider/index.js">
          <metrics statements="4" coveredstatements="4" conditionals="0" coveredconditionals="0" methods="2" coveredmethods="2"/>
          <line num="18" count="3" type="stmt"/>
          <line num="26" count="2" type="stmt"/>
          <line num="32" count="2" type="stmt"/>
          <line num="34" count="2" type="stmt"/>
        </file>
        <file name="reducer.js" path="/Users/eduardo/react-boilerplate/app/containers/LanguageProvider/reducer.js">
          <metrics statements="4" coveredstatements="4" conditionals="3" coveredconditionals="3" methods="1" coveredmethods="1"/>
          <line num="16" count="7" type="stmt"/>
          <line num="21" count="18" type="stmt"/>
          <line num="23" count="1" type="stmt"/>
          <line num="26" count="17" type="stmt"/>
        </file>
        <file name="selectors.js" path="/Users/eduardo/react-boilerplate/app/containers/LanguageProvider/selectors.js">
          <metrics statements="3" coveredstatements="3" conditionals="0" coveredconditionals="0" methods="3" coveredmethods="3"/>
          <line num="6" count="5" type="stmt"/>
          <line num="12" count="5" type="stmt"/>
          <line num="14" count="3" type="stmt"/>
        </file>
      </package>
      <package name="app.containers.LocaleToggle">
        <metrics statements="7" coveredstatements="7" conditionals="0" coveredconditionals="0" methods="4" coveredmethods="4"/>
        <file name="Wrapper.js" path="/Users/eduardo/react-boilerplate/app/containers/LocaleToggle/Wrapper.js">
          <metrics statements="1" coveredstatements="1" conditionals="0" coveredconditionals="0" methods="0" coveredmethods="0"/>
          <line num="3" count="4" type="stmt"/>
        </file>
        <file name="index.js" path="/Users/eduardo/react-boilerplate/app/containers/LocaleToggle/index.js">
          <metrics statements="6" coveredstatements="6" conditionals="0" coveredconditionals="0" methods="4" coveredmethods="4"/>
          <line num="20" count="1" type="stmt"/>
          <line num="28" count="3" type="stmt"/>
          <line num="33" count="3" type="stmt"/>
          <line num="35" count="1" type="stmt"/>
          <line num="39" count="3" type="stmt"/>
          <line num="40" count="1" type="stmt"/>
        </file>
        <file name="messages.js" path="/Users/eduardo/react-boilerplate/app/containers/LocaleToggle/messages.js">
          <metrics statements="0" coveredstatements="0" conditionals="0" coveredconditionals="0" methods="0" coveredmethods="0"/>
        </file>
      </package>
      <package name="app.containers.NotFoundPage">
        <metrics statements="1" coveredstatements="1" conditionals="0" coveredconditionals="0" methods="1" coveredmethods="1"/>
        <file name="index.js" path="/Users/eduardo/react-boilerplate/app/containers/NotFoundPage/index.js">
          <metrics statements="1" coveredstatements="1" conditionals="0" coveredconditionals="0" methods="1" coveredmethods="1"/>
          <line num="14" count="1" type="stmt"/>
        </file>
        <file name="messages.js" path="/Users/eduardo/react-boilerplate/app/containers/NotFoundPage/messages.js">
          <metrics statements="0" coveredstatements="0" conditionals="0" coveredconditionals="0" methods="0" coveredmethods="0"/>
        </file>
      </package>
      <package name="app.containers.RepoListItem">
        <metrics statements="11" coveredstatements="11" conditionals="2" coveredconditionals="2" methods="1" coveredmethods="1"/>
        <file name="IssueIcon.js" path="/Users/eduardo/react-boilerplate/app/containers/RepoListItem/IssueIcon.js">
          <metrics statements="1" coveredstatements="1" conditionals="0" coveredconditionals="0" methods="0" coveredmethods="0"/>
          <line num="5" count="4" type="stmt"/>
        </file>
        <file name="IssueLink.js" path="/Users/eduardo/react-boilerplate/app/containers/RepoListItem/IssueLink.js">
          <metrics statements="1" coveredstatements="1" conditionals="0" coveredconditionals="0" methods="0" coveredmethods="0"/>
          <line num="5" count="4" type="stmt"/>
        </file>
        <file name="RepoLink.js" path="/Users/eduardo/react-boilerplate/app/containers/RepoListItem/RepoLink.js">
          <metrics statements="1" coveredstatements="1" conditionals="0" coveredconditionals="0" methods="0" coveredmethods="0"/>
          <line num="5" count="4" type="stmt"/>
        </file>
        <file name="Wrapper.js" path="/Users/eduardo/react-boilerplate/app/containers/RepoListItem/Wrapper.js">
          <metrics statements="1" coveredstatements="1" conditionals="0" coveredconditionals="0" methods="0" coveredmethods="0"/>
          <line num="3" count="4" type="stmt"/>
        </file>
        <file name="index.js" path="/Users/eduardo/react-boilerplate/app/containers/RepoListItem/index.js">
          <metrics statements="7" coveredstatements="7" conditionals="2" coveredconditionals="2" methods="1" coveredmethods="1"/>
          <line num="21" count="6" type="stmt"/>
          <line num="22" count="6" type="stmt"/>
          <line num="26" count="6" type="stmt"/>
          <line num="27" count="5" type="stmt"/>
          <line num="32" count="6" type="stmt"/>
          <line num="44" count="6" type="stmt"/>
          <line num="50" count="3" type="stmt"/>
        </file>
      </package>
      <package name="app.utils">
        <metrics statements="22" coveredstatements="22" conditionals="13" coveredconditionals="13" methods="9" coveredmethods="9"/>
        <file name="asyncInjectors.js" path="/Users/eduardo/react-boilerplate/app/utils/asyncInjectors.js">
          <metrics statements="15" coveredstatements="15" conditionals="9" coveredconditionals="9" methods="6" coveredmethods="6"/>
          <line num="15" count="12" type="stmt"/>
          <line num="23" count="12" type="stmt"/>
          <line num="33" count="5" type="stmt"/>
          <line num="34" count="8" type="stmt"/>
          <line num="36" count="8" type="stmt"/>
          <line num="41" count="4" type="stmt"/>
          <line num="43" count="2" type="stmt"/>
          <line num="44" count="2" type="stmt"/>
          <line num="52" count="3" type="stmt"/>
          <line num="53" count="4" type="stmt"/>
          <line num="55" count="4" type="stmt"/>
          <line num="60" count="2" type="stmt"/>
          <line num="65" count="2" type="stmt"/>
          <line num="73" count="2" type="stmt"/>
          <line num="75" count="1" type="stmt"/>
        </file>
        <file name="request.js" path="/Users/eduardo/react-boilerplate/app/utils/request.js">
          <metrics statements="7" coveredstatements="7" conditionals="4" coveredconditionals="4" methods="3" coveredmethods="3"/>
          <line num="11" count="1" type="stmt"/>
          <line num="22" count="2" type="stmt"/>
          <line num="23" count="1" type="stmt"/>
          <line num="26" count="1" type="stmt"/>
          <line num="27" count="1" type="stmt"/>
          <line num="28" count="1" type="stmt"/>
          <line num="40" count="2" type="stmt"/>
        </file>
      </package>
    </metrics>
  </project>
</coverage>
