{"/Users/eduardo/react-boilerplate/app/global-styles.js": {"path":"/Users/eduardo/react-boilerplate/app/global-styles.js","statementMap":{"0":{"start":{"line":1,"column":61},"end":{"line":1,"column":1023}}},"fnMap":{},"branchMap":{},"s":{"0":0},"f":{},"b":{}}
,"/Users/eduardo/react-boilerplate/app/i18n.js": {"path":"/Users/eduardo/react-boilerplate/app/i18n.js","statementMap":{"0":{"start":{"line":16,"column":0},"end":{"line":16,"column":28}},"1":{"start":{"line":17,"column":0},"end":{"line":17,"column":28}},"2":{"start":{"line":19,"column":26},"end":{"line":22,"column":1}},"3":{"start":{"line":24,"column":41},"end":{"line":34,"column":1}},"4":{"start":{"line":25,"column":35},"end":{"line":27,"column":8}},"5":{"start":{"line":28,"column":2},"end":{"line":33,"column":9}},"6":{"start":{"line":29,"column":29},"end":{"line":31,"column":21}},"7":{"start":{"line":32,"column":4},"end":{"line":32,"column":73}},"8":{"start":{"line":36,"column":35},"end":{"line":39,"column":1}}},"fnMap":{"0":{"name":"(anonymous_0)","decl":{"start":{"line":24,"column":41},"end":{"line":24,"column":42}},"loc":{"start":{"line":24,"column":63},"end":{"line":34,"column":1}}},"1":{"name":"(anonymous_1)","decl":{"start":{"line":28,"column":38},"end":{"line":28,"column":39}},"loc":{"start":{"line":28,"column":66},"end":{"line":33,"column":3}}}},"branchMap":{"0":{"loc":{"start":{"line":25,"column":35},"end":{"line":27,"column":8}},"type":"cond-expr","locations":[{"start":{"line":26,"column":6},"end":{"line":26,"column":70}},{"start":{"line":27,"column":6},"end":{"line":27,"column":8}}]},"1":{"loc":{"start":{"line":29,"column":29},"end":{"line":31,"column":21}},"type":"cond-expr","locations":[{"start":{"line":30,"column":8},"end":{"line":30,"column":37}},{"start":{"line":31,"column":8},"end":{"line":31,"column":21}}]},"2":{"loc":{"start":{"line":29,"column":29},"end":{"line":29,"column":72}},"type":"binary-expr","locations":[{"start":{"line":29,"column":29},"end":{"line":29,"column":43}},{"start":{"line":29,"column":47},"end":{"line":29,"column":72}}]}},"s":{"0":5,"1":5,"2":5,"3":5,"4":18,"5":18,"6":386,"7":386,"8":5},"f":{"0":18,"1":386},"b":{"0":[6,12],"1":[41,345],"2":[386,41]},"_coverageSchema":"332fd63041d2c1bcb487cc26dd0d5f7d97098a6c","hash":"9298c278dffbe5e9d8cec8e45822df8106a03842"}
,"/Users/eduardo/react-boilerplate/app/reducers.js": {"path":"/Users/eduardo/react-boilerplate/app/reducers.js","statementMap":{"0":{"start":{"line":22,"column":26},"end":{"line":24,"column":2}},"1":{"start":{"line":30,"column":2},"end":{"line":38,"column":3}},"2":{"start":{"line":37,"column":6},"end":{"line":37,"column":19}},"3":{"start":{"line":45,"column":2},"end":{"line":50,"column":5}}},"fnMap":{"0":{"name":"routeReducer","decl":{"start":{"line":29,"column":9},"end":{"line":29,"column":21}},"loc":{"start":{"line":29,"column":57},"end":{"line":39,"column":1}}},"1":{"name":"createReducer","decl":{"start":{"line":44,"column":24},"end":{"line":44,"column":37}},"loc":{"start":{"line":44,"column":53},"end":{"line":51,"column":1}}}},"branchMap":{"0":{"loc":{"start":{"line":29,"column":22},"end":{"line":29,"column":47}},"type":"default-arg","locations":[{"start":{"line":29,"column":30},"end":{"line":29,"column":47}}]},"1":{"loc":{"start":{"line":30,"column":2},"end":{"line":38,"column":3}},"type":"switch","locations":[{"start":{"line":36,"column":4},"end":{"line":37,"column":19}}]}},"s":{"0":5,"1":15,"2":15,"3":11},"f":{"0":15,"1":11},"b":{"0":[7],"1":[15]},"_coverageSchema":"332fd63041d2c1bcb487cc26dd0d5f7d97098a6c","hash":"810df96da4320409c1c9ca6c1f50699d0e7fd2f4"}
,"/Users/eduardo/react-boilerplate/app/store.js": {"path":"/Users/eduardo/react-boilerplate/app/store.js","statementMap":{"0":{"start":{"line":11,"column":23},"end":{"line":11,"column":45}},"1":{"start":{"line":17,"column":22},"end":{"line":20,"column":3}},"2":{"start":{"line":22,"column":20},"end":{"line":24,"column":3}},"3":{"start":{"line":29,"column":4},"end":{"line":32,"column":59}},"4":{"start":{"line":35,"column":16},"end":{"line":39,"column":3}},"5":{"start":{"line":42,"column":2},"end":{"line":42,"column":37}},"6":{"start":{"line":43,"column":2},"end":{"line":43,"column":27}},"7":{"start":{"line":58,"column":2},"end":{"line":58,"column":15}}},"fnMap":{"0":{"name":"configureStore","decl":{"start":{"line":13,"column":24},"end":{"line":13,"column":38}},"loc":{"start":{"line":13,"column":67},"end":{"line":59,"column":1}}}},"branchMap":{"0":{"loc":{"start":{"line":13,"column":39},"end":{"line":13,"column":56}},"type":"default-arg","locations":[{"start":{"line":13,"column":54},"end":{"line":13,"column":56}}]},"1":{"loc":{"start":{"line":29,"column":4},"end":{"line":32,"column":59}},"type":"cond-expr","locations":[{"start":{"line":32,"column":6},"end":{"line":32,"column":49}},{"start":{"line":32,"column":52},"end":{"line":32,"column":59}}]},"2":{"loc":{"start":{"line":29,"column":4},"end":{"line":31,"column":47}},"type":"binary-expr","locations":[{"start":{"line":29,"column":4},"end":{"line":29,"column":41}},{"start":{"line":30,"column":4},"end":{"line":30,"column":30}},{"start":{"line":31,"column":4},"end":{"line":31,"column":47}}]}},"s":{"0":5,"1":7,"2":7,"3":7,"4":7,"5":7,"6":7,"7":7},"f":{"0":7},"b":{"0":[0],"1":[0,7],"2":[7,7,7]},"_coverageSchema":"332fd63041d2c1bcb487cc26dd0d5f7d97098a6c","hash":"e3c5a2f867e34681267c92c40e7b005d5f451b79"}
,"/Users/eduardo/react-boilerplate/app/components/A/index.js": {"path":"/Users/eduardo/react-boilerplate/app/components/A/index.js","statementMap":{"0":{"start":{"line":7,"column":10},"end":{"line":13,"column":1}}},"fnMap":{},"branchMap":{},"s":{"0":10},"f":{},"b":{},"_coverageSchema":"332fd63041d2c1bcb487cc26dd0d5f7d97098a6c","hash":"4a936da5a8d20af48ff5aaa53250edd55b1ed114"}
,"/Users/eduardo/react-boilerplate/app/components/Button/A.js": {"path":"/Users/eduardo/react-boilerplate/app/components/Button/A.js","statementMap":{"0":{"start":{"line":5,"column":10},"end":{"line":5,"column":35}}},"fnMap":{},"branchMap":{},"s":{"0":2},"f":{},"b":{},"_coverageSchema":"332fd63041d2c1bcb487cc26dd0d5f7d97098a6c","hash":"e4d4d073e50eeb197b35982ed2a360ec2b18047f"}
,"/Users/eduardo/react-boilerplate/app/components/Button/StyledButton.js": {"path":"/Users/eduardo/react-boilerplate/app/components/Button/StyledButton.js","statementMap":{"0":{"start":{"line":5,"column":21},"end":{"line":5,"column":51}}},"fnMap":{},"branchMap":{},"s":{"0":2},"f":{},"b":{},"_coverageSchema":"332fd63041d2c1bcb487cc26dd0d5f7d97098a6c","hash":"b7dba97823e756eb68d08db6fa7fe367ac7c5f53"}
,"/Users/eduardo/react-boilerplate/app/components/Button/Wrapper.js": {"path":"/Users/eduardo/react-boilerplate/app/components/Button/Wrapper.js","statementMap":{"0":{"start":{"line":3,"column":16},"end":{"line":7,"column":1}}},"fnMap":{},"branchMap":{},"s":{"0":2},"f":{},"b":{},"_coverageSchema":"332fd63041d2c1bcb487cc26dd0d5f7d97098a6c","hash":"b006031f1909ff5ba22605cc8e4eb6740681593a"}
,"/Users/eduardo/react-boilerplate/app/components/Button/buttonStyles.js": {"path":"/Users/eduardo/react-boilerplate/app/components/Button/buttonStyles.js","statementMap":{"0":{"start":{"line":3,"column":21},"end":{"line":24,"column":1}}},"fnMap":{},"branchMap":{},"s":{"0":3},"f":{},"b":{},"_coverageSchema":"332fd63041d2c1bcb487cc26dd0d5f7d97098a6c","hash":"21ae0251256baf36cf88b11ad7ae742965a8260c"}
,"/Users/eduardo/react-boilerplate/app/components/Button/index.js": {"path":"/Users/eduardo/react-boilerplate/app/components/Button/index.js","statementMap":{"0":{"start":{"line":18,"column":4},"end":{"line":20,"column":8}},"1":{"start":{"line":24,"column":2},"end":{"line":30,"column":3}},"2":{"start":{"line":25,"column":4},"end":{"line":29,"column":6}},"3":{"start":{"line":32,"column":2},"end":{"line":36,"column":4}},"4":{"start":{"line":39,"column":0},"end":{"line":44,"column":2}}},"fnMap":{"0":{"name":"Button","decl":{"start":{"line":15,"column":9},"end":{"line":15,"column":15}},"loc":{"start":{"line":15,"column":23},"end":{"line":37,"column":1}}}},"branchMap":{"0":{"loc":{"start":{"line":24,"column":2},"end":{"line":30,"column":3}},"type":"if","locations":[{"start":{"line":24,"column":2},"end":{"line":30,"column":3}},{"start":{"line":24,"column":2},"end":{"line":30,"column":3}}]}},"s":{"0":7,"1":7,"2":2,"3":7,"4":1},"f":{"0":7},"b":{"0":[2,5]},"_coverageSchema":"332fd63041d2c1bcb487cc26dd0d5f7d97098a6c","hash":"6b579e9e75c0406c07c39d946d826fd28106c28b"}
,"/Users/eduardo/react-boilerplate/app/components/Footer/Wrapper.js": {"path":"/Users/eduardo/react-boilerplate/app/components/Footer/Wrapper.js","statementMap":{"0":{"start":{"line":3,"column":16},"end":{"line":8,"column":1}}},"fnMap":{},"branchMap":{},"s":{"0":3},"f":{},"b":{},"_coverageSchema":"332fd63041d2c1bcb487cc26dd0d5f7d97098a6c","hash":"9e799dd5edbce1f2da70a4ef0dfd2df4cc6fc97e"}
,"/Users/eduardo/react-boilerplate/app/components/Footer/index.js": {"path":"/Users/eduardo/react-boilerplate/app/components/Footer/index.js","statementMap":{"0":{"start":{"line":10,"column":2},"end":{"line":27,"column":4}}},"fnMap":{"0":{"name":"Footer","decl":{"start":{"line":9,"column":9},"end":{"line":9,"column":15}},"loc":{"start":{"line":9,"column":18},"end":{"line":28,"column":1}}}},"branchMap":{},"s":{"0":2},"f":{"0":2},"b":{},"_coverageSchema":"332fd63041d2c1bcb487cc26dd0d5f7d97098a6c","hash":"4884173778cc936057c588dbe9397090e4598465"}
,"/Users/eduardo/react-boilerplate/app/components/Footer/messages.js": {"path":"/Users/eduardo/react-boilerplate/app/components/Footer/messages.js","statementMap":{},"fnMap":{},"branchMap":{},"s":{},"f":{},"b":{},"_coverageSchema":"332fd63041d2c1bcb487cc26dd0d5f7d97098a6c","hash":"099704910dd8e48d2d3b20d0ff705265af49cacb"}
,"/Users/eduardo/react-boilerplate/app/components/H1/index.js": {"path":"/Users/eduardo/react-boilerplate/app/components/H1/index.js","statementMap":{"0":{"start":{"line":3,"column":11},"end":{"line":6,"column":1}}},"fnMap":{},"branchMap":{},"s":{"0":3},"f":{},"b":{},"_coverageSchema":"332fd63041d2c1bcb487cc26dd0d5f7d97098a6c","hash":"05b90cc9b045fb8d3b947df72e17a97044456859"}
,"/Users/eduardo/react-boilerplate/app/components/H2/index.js": {"path":"/Users/eduardo/react-boilerplate/app/components/H2/index.js","statementMap":{"0":{"start":{"line":3,"column":11},"end":{"line":5,"column":1}}},"fnMap":{},"branchMap":{},"s":{"0":2},"f":{},"b":{},"_coverageSchema":"332fd63041d2c1bcb487cc26dd0d5f7d97098a6c","hash":"7201c1be356615b9121706dc72d59b785faf94da"}
,"/Users/eduardo/react-boilerplate/app/components/H3/index.js": {"path":"/Users/eduardo/react-boilerplate/app/components/H3/index.js","statementMap":{"0":{"start":{"line":4,"column":2},"end":{"line":6,"column":4}}},"fnMap":{"0":{"name":"H3","decl":{"start":{"line":3,"column":9},"end":{"line":3,"column":11}},"loc":{"start":{"line":3,"column":19},"end":{"line":7,"column":1}}}},"branchMap":{},"s":{"0":2},"f":{"0":2},"b":{},"_coverageSchema":"332fd63041d2c1bcb487cc26dd0d5f7d97098a6c","hash":"76cfa01346ade976500a5143318a82ad0e2dbeef"}
,"/Users/eduardo/react-boilerplate/app/components/Header/A.js": {"path":"/Users/eduardo/react-boilerplate/app/components/Header/A.js","statementMap":{"0":{"start":{"line":5,"column":10},"end":{"line":7,"column":1}}},"fnMap":{},"branchMap":{},"s":{"0":3},"f":{},"b":{},"_coverageSchema":"332fd63041d2c1bcb487cc26dd0d5f7d97098a6c","hash":"c60d21bfa487d1705ec858992873762ff1731a7a"}
,"/Users/eduardo/react-boilerplate/app/components/Header/HeaderLink.js": {"path":"/Users/eduardo/react-boilerplate/app/components/Header/HeaderLink.js","statementMap":{},"fnMap":{},"branchMap":{},"s":{},"f":{},"b":{},"_coverageSchema":"332fd63041d2c1bcb487cc26dd0d5f7d97098a6c","hash":"d08f77a97c9aedf6f1c2ce14a375f1f3b8d4630a"}
,"/Users/eduardo/react-boilerplate/app/components/Header/Img.js": {"path":"/Users/eduardo/react-boilerplate/app/components/Header/Img.js","statementMap":{"0":{"start":{"line":5,"column":12},"end":{"line":9,"column":1}}},"fnMap":{},"branchMap":{},"s":{"0":3},"f":{},"b":{},"_coverageSchema":"332fd63041d2c1bcb487cc26dd0d5f7d97098a6c","hash":"ea32d9b4173556ac2f303b1708f21ce7189b8319"}
,"/Users/eduardo/react-boilerplate/app/components/Header/NavBar.js": {"path":"/Users/eduardo/react-boilerplate/app/components/Header/NavBar.js","statementMap":{},"fnMap":{},"branchMap":{},"s":{},"f":{},"b":{},"_coverageSchema":"332fd63041d2c1bcb487cc26dd0d5f7d97098a6c","hash":"b1fb81dd888697b67ae87e0a46b77d8b5aac3b96"}
,"/Users/eduardo/react-boilerplate/app/components/Header/index.js": {"path":"/Users/eduardo/react-boilerplate/app/components/Header/index.js","statementMap":{"0":{"start":{"line":13,"column":4},"end":{"line":27,"column":6}}},"fnMap":{"0":{"name":"(anonymous_0)","decl":{"start":{"line":12,"column":2},"end":{"line":12,"column":3}},"loc":{"start":{"line":12,"column":11},"end":{"line":28,"column":3}}}},"branchMap":{},"s":{"0":1},"f":{"0":1},"b":{},"_coverageSchema":"332fd63041d2c1bcb487cc26dd0d5f7d97098a6c","hash":"3b167aa3d2cfc823555d77af53879cd3f9f6a498"}
,"/Users/eduardo/react-boilerplate/app/components/Header/messages.js": {"path":"/Users/eduardo/react-boilerplate/app/components/Header/messages.js","statementMap":{},"fnMap":{},"branchMap":{},"s":{},"f":{},"b":{},"_coverageSchema":"332fd63041d2c1bcb487cc26dd0d5f7d97098a6c","hash":"345d37a2b25ab58b9b406f9a265f1c0aa91d84c8"}
,"/Users/eduardo/react-boilerplate/app/components/Img/index.js": {"path":"/Users/eduardo/react-boilerplate/app/components/Img/index.js","statementMap":{"0":{"start":{"line":11,"column":2},"end":{"line":13,"column":4}},"1":{"start":{"line":17,"column":0},"end":{"line":24,"column":2}}},"fnMap":{"0":{"name":"Img","decl":{"start":{"line":10,"column":9},"end":{"line":10,"column":12}},"loc":{"start":{"line":10,"column":20},"end":{"line":14,"column":1}}}},"branchMap":{},"s":{"0":10,"1":4},"f":{"0":10},"b":{},"_coverageSchema":"332fd63041d2c1bcb487cc26dd0d5f7d97098a6c","hash":"6cee44ba550f7c09e0bb6fc2ed44140ff05f8dac"}
,"/Users/eduardo/react-boilerplate/app/components/IssueIcon/index.js": {"path":"/Users/eduardo/react-boilerplate/app/components/IssueIcon/index.js","statementMap":{"0":{"start":{"line":4,"column":2},"end":{"line":12,"column":4}},"1":{"start":{"line":15,"column":0},"end":{"line":17,"column":2}}},"fnMap":{"0":{"name":"IssueIcon","decl":{"start":{"line":3,"column":9},"end":{"line":3,"column":18}},"loc":{"start":{"line":3,"column":26},"end":{"line":13,"column":1}}}},"branchMap":{},"s":{"0":7,"1":5},"f":{"0":7},"b":{},"_coverageSchema":"332fd63041d2c1bcb487cc26dd0d5f7d97098a6c","hash":"54aaf409706d2931466c3aa9ad4b09cb14221cab"}
,"/Users/eduardo/react-boilerplate/app/components/List/Ul.js": {"path":"/Users/eduardo/react-boilerplate/app/components/List/Ul.js","statementMap":{"0":{"start":{"line":3,"column":11},"end":{"line":10,"column":1}}},"fnMap":{},"branchMap":{},"s":{"0":4},"f":{},"b":{},"_coverageSchema":"332fd63041d2c1bcb487cc26dd0d5f7d97098a6c","hash":"28f9f65138d4c7dd01c71b04c0eb632db4cd0d2f"}
,"/Users/eduardo/react-boilerplate/app/components/List/Wrapper.js": {"path":"/Users/eduardo/react-boilerplate/app/components/List/Wrapper.js","statementMap":{"0":{"start":{"line":3,"column":16},"end":{"line":11,"column":1}}},"fnMap":{},"branchMap":{},"s":{"0":4},"f":{},"b":{},"_coverageSchema":"332fd63041d2c1bcb487cc26dd0d5f7d97098a6c","hash":"877264316b3bbd6046a21c75ef8ae1eb02b076ee"}
,"/Users/eduardo/react-boilerplate/app/components/List/index.js": {"path":"/Users/eduardo/react-boilerplate/app/components/List/index.js","statementMap":{"0":{"start":{"line":7,"column":28},"end":{"line":7,"column":43}},"1":{"start":{"line":8,"column":17},"end":{"line":8,"column":28}},"2":{"start":{"line":11,"column":2},"end":{"line":18,"column":3}},"3":{"start":{"line":12,"column":4},"end":{"line":14,"column":7}},"4":{"start":{"line":13,"column":6},"end":{"line":13,"column":61}},"5":{"start":{"line":17,"column":4},"end":{"line":17,"column":38}},"6":{"start":{"line":20,"column":2},"end":{"line":26,"column":4}},"7":{"start":{"line":29,"column":0},"end":{"line":32,"column":2}}},"fnMap":{"0":{"name":"List","decl":{"start":{"line":6,"column":9},"end":{"line":6,"column":13}},"loc":{"start":{"line":6,"column":21},"end":{"line":27,"column":1}}},"1":{"name":"(anonymous_1)","decl":{"start":{"line":12,"column":30},"end":{"line":12,"column":31}},"loc":{"start":{"line":13,"column":6},"end":{"line":13,"column":61}}}},"branchMap":{"0":{"loc":{"start":{"line":11,"column":2},"end":{"line":18,"column":3}},"type":"if","locations":[{"start":{"line":11,"column":2},"end":{"line":18,"column":3}},{"start":{"line":11,"column":2},"end":{"line":18,"column":3}}]}},"s":{"0":4,"1":4,"2":4,"3":1,"4":2,"5":3,"6":4,"7":3},"f":{"0":4,"1":2},"b":{"0":[1,3]},"_coverageSchema":"332fd63041d2c1bcb487cc26dd0d5f7d97098a6c","hash":"b5087e5e9a829f11d319824641558e646c8210ce"}
,"/Users/eduardo/react-boilerplate/app/components/ListItem/Item.js": {"path":"/Users/eduardo/react-boilerplate/app/components/ListItem/Item.js","statementMap":{"0":{"start":{"line":3,"column":13},"end":{"line":9,"column":1}}},"fnMap":{},"branchMap":{},"s":{"0":6},"f":{},"b":{},"_coverageSchema":"332fd63041d2c1bcb487cc26dd0d5f7d97098a6c","hash":"6725132e097a98d84be13f8fdb545dcd2b5e2da0"}
,"/Users/eduardo/react-boilerplate/app/components/ListItem/Wrapper.js": {"path":"/Users/eduardo/react-boilerplate/app/components/ListItem/Wrapper.js","statementMap":{"0":{"start":{"line":3,"column":16},"end":{"line":14,"column":1}}},"fnMap":{},"branchMap":{},"s":{"0":6},"f":{},"b":{},"_coverageSchema":"332fd63041d2c1bcb487cc26dd0d5f7d97098a6c","hash":"42e28e81c840eb68fd9d820f57ae06314a2339a1"}
,"/Users/eduardo/react-boilerplate/app/components/ListItem/index.js": {"path":"/Users/eduardo/react-boilerplate/app/components/ListItem/index.js","statementMap":{"0":{"start":{"line":7,"column":2},"end":{"line":13,"column":4}},"1":{"start":{"line":16,"column":0},"end":{"line":18,"column":2}}},"fnMap":{"0":{"name":"ListItem","decl":{"start":{"line":6,"column":9},"end":{"line":6,"column":17}},"loc":{"start":{"line":6,"column":25},"end":{"line":14,"column":1}}}},"branchMap":{},"s":{"0":12,"1":5},"f":{"0":12},"b":{},"_coverageSchema":"332fd63041d2c1bcb487cc26dd0d5f7d97098a6c","hash":"c2c2e1e26c7e2208f677894333488d18e60379fc"}
,"/Users/eduardo/react-boilerplate/app/components/LoadingIndicator/Circle.js": {"path":"/Users/eduardo/react-boilerplate/app/components/LoadingIndicator/Circle.js","statementMap":{"0":{"start":{"line":4,"column":24},"end":{"line":14,"column":1}},"1":{"start":{"line":16,"column":15},"end":{"line":45,"column":1}},"2":{"start":{"line":17,"column":26},"end":{"line":43,"column":3}},"3":{"start":{"line":44,"column":2},"end":{"line":44,"column":29}},"4":{"start":{"line":47,"column":0},"end":{"line":50,"column":2}}},"fnMap":{"0":{"name":"(anonymous_0)","decl":{"start":{"line":16,"column":15},"end":{"line":16,"column":16}},"loc":{"start":{"line":16,"column":26},"end":{"line":45,"column":1}}}},"branchMap":{"0":{"loc":{"start":{"line":23,"column":6},"end":{"line":27,"column":5}},"type":"binary-expr","locations":[{"start":{"line":23,"column":6},"end":{"line":23,"column":18}},{"start":{"line":23,"column":22},"end":{"line":27,"column":5}}]},"1":{"loc":{"start":{"line":38,"column":8},"end":{"line":41,"column":7}},"type":"binary-expr","locations":[{"start":{"line":38,"column":8},"end":{"line":38,"column":19}},{"start":{"line":38,"column":23},"end":{"line":41,"column":7}}]}},"s":{"0":4,"1":4,"2":15,"3":15,"4":4},"f":{"0":15},"b":{"0":[15,11],"1":[15,11]},"_coverageSchema":"332fd63041d2c1bcb487cc26dd0d5f7d97098a6c","hash":"0f58818f5bd960bdadb9424624dcc0f1496cf534"}
,"/Users/eduardo/react-boilerplate/app/components/LoadingIndicator/Wrapper.js": {"path":"/Users/eduardo/react-boilerplate/app/components/LoadingIndicator/Wrapper.js","statementMap":{"0":{"start":{"line":3,"column":16},"end":{"line":8,"column":1}}},"fnMap":{},"branchMap":{},"s":{"0":4},"f":{},"b":{},"_coverageSchema":"332fd63041d2c1bcb487cc26dd0d5f7d97098a6c","hash":"75dab333852dcc6455b92751434c6b7a47c686d6"}
,"/Users/eduardo/react-boilerplate/app/components/LoadingIndicator/index.js": {"path":"/Users/eduardo/react-boilerplate/app/components/LoadingIndicator/index.js","statementMap":{"0":{"start":{"line":6,"column":25},"end":{"line":21,"column":1}},"1":{"start":{"line":7,"column":2},"end":{"line":20,"column":12}}},"fnMap":{"0":{"name":"(anonymous_0)","decl":{"start":{"line":6,"column":25},"end":{"line":6,"column":26}},"loc":{"start":{"line":7,"column":2},"end":{"line":20,"column":12}}}},"branchMap":{},"s":{"0":3,"1":1},"f":{"0":1},"b":{},"_coverageSchema":"332fd63041d2c1bcb487cc26dd0d5f7d97098a6c","hash":"1673f4c0968c6017c2ed82620c63481124fe7bff"}
,"/Users/eduardo/react-boilerplate/app/components/ProgressBar/Percent.js": {"path":"/Users/eduardo/react-boilerplate/app/components/ProgressBar/Percent.js","statementMap":{},"fnMap":{},"branchMap":{},"s":{},"f":{},"b":{},"_coverageSchema":"332fd63041d2c1bcb487cc26dd0d5f7d97098a6c","hash":"5f0d2d0593136b109d2ed0bacfb8254e2962e429"}
,"/Users/eduardo/react-boilerplate/app/components/ProgressBar/ProgressBar.js": {"path":"/Users/eduardo/react-boilerplate/app/components/ProgressBar/ProgressBar.js","statementMap":{"0":{"start":{"line":20,"column":4},"end":{"line":20,"column":17}},"1":{"start":{"line":21,"column":4},"end":{"line":21,"column":51}},"2":{"start":{"line":22,"column":4},"end":{"line":22,"column":47}},"3":{"start":{"line":23,"column":4},"end":{"line":25,"column":6}},"4":{"start":{"line":29,"column":4},"end":{"line":29,"column":33}},"5":{"start":{"line":33,"column":4},"end":{"line":37,"column":5}},"6":{"start":{"line":35,"column":6},"end":{"line":35,"column":35}},"7":{"start":{"line":36,"column":6},"end":{"line":36,"column":32}},"8":{"start":{"line":38,"column":4},"end":{"line":42,"column":5}},"9":{"start":{"line":40,"column":6},"end":{"line":40,"column":33}},"10":{"start":{"line":41,"column":6},"end":{"line":41,"column":31}},"11":{"start":{"line":44,"column":4},"end":{"line":44,"column":32}},"12":{"start":{"line":49,"column":4},"end":{"line":52,"column":5}},"13":{"start":{"line":50,"column":6},"end":{"line":50,"column":35}},"14":{"start":{"line":51,"column":6},"end":{"line":51,"column":32}},"15":{"start":{"line":53,"column":4},"end":{"line":56,"column":5}},"16":{"start":{"line":54,"column":6},"end":{"line":54,"column":33}},"17":{"start":{"line":55,"column":6},"end":{"line":55,"column":31}},"18":{"start":{"line":64,"column":22},"end":{"line":64,"column":32}},"19":{"start":{"line":65,"column":4},"end":{"line":65,"column":53}},"20":{"start":{"line":66,"column":4},"end":{"line":66,"column":42}},"21":{"start":{"line":67,"column":4},"end":{"line":69,"column":7}},"22":{"start":{"line":77,"column":4},"end":{"line":79,"column":5}},"23":{"start":{"line":78,"column":6},"end":{"line":78,"column":70}},"24":{"start":{"line":87,"column":4},"end":{"line":101,"column":5}},"25":{"start":{"line":88,"column":6},"end":{"line":96,"column":9}},"26":{"start":{"line":91,"column":8},"end":{"line":95,"column":16}},"27":{"start":{"line":92,"column":10},"end":{"line":94,"column":45}},"28":{"start":{"line":94,"column":19},"end":{"line":94,"column":43}},"29":{"start":{"line":98,"column":6},"end":{"line":100,"column":9}},"30":{"start":{"line":105,"column":24},"end":{"line":105,"column":34}},"31":{"start":{"line":108,"column":21},"end":{"line":108,"column":50}},"32":{"start":{"line":111,"column":18},"end":{"line":111,"column":63}},"33":{"start":{"line":113,"column":4},"end":{"line":117,"column":6}},"34":{"start":{"line":121,"column":0},"end":{"line":123,"column":2}}},"fnMap":{"0":{"name":"(anonymous_0)","decl":{"start":{"line":19,"column":2},"end":{"line":19,"column":3}},"loc":{"start":{"line":19,"column":21},"end":{"line":26,"column":3}}},"1":{"name":"(anonymous_1)","decl":{"start":{"line":28,"column":2},"end":{"line":28,"column":3}},"loc":{"start":{"line":28,"column":22},"end":{"line":30,"column":3}}},"2":{"name":"(anonymous_2)","decl":{"start":{"line":32,"column":2},"end":{"line":32,"column":3}},"loc":{"start":{"line":32,"column":39},"end":{"line":45,"column":3}}},"3":{"name":"(anonymous_3)","decl":{"start":{"line":47,"column":2},"end":{"line":47,"column":3}},"loc":{"start":{"line":47,"column":25},"end":{"line":57,"column":3}}},"4":{"name":"(anonymous_4)","decl":{"start":{"line":59,"column":2},"end":{"line":59,"column":3}},"loc":{"start":{"line":59,"column":14},"end":{"line":70,"column":3}}},"5":{"name":"(anonymous_5)","decl":{"start":{"line":72,"column":2},"end":{"line":72,"column":3}},"loc":{"start":{"line":72,"column":21},"end":{"line":102,"column":3}}},"6":{"name":"(anonymous_6)","decl":{"start":{"line":90,"column":9},"end":{"line":90,"column":10}},"loc":{"start":{"line":90,"column":15},"end":{"line":96,"column":7}}},"7":{"name":"(anonymous_7)","decl":{"start":{"line":91,"column":34},"end":{"line":91,"column":35}},"loc":{"start":{"line":91,"column":40},"end":{"line":95,"column":9}}},"8":{"name":"(anonymous_8)","decl":{"start":{"line":94,"column":13},"end":{"line":94,"column":14}},"loc":{"start":{"line":94,"column":19},"end":{"line":94,"column":43}}},"9":{"name":"(anonymous_9)","decl":{"start":{"line":104,"column":2},"end":{"line":104,"column":3}},"loc":{"start":{"line":104,"column":11},"end":{"line":118,"column":3}}}},"branchMap":{"0":{"loc":{"start":{"line":33,"column":4},"end":{"line":37,"column":5}},"type":"if","locations":[{"start":{"line":33,"column":4},"end":{"line":37,"column":5}},{"start":{"line":33,"column":4},"end":{"line":37,"column":5}}]},"1":{"loc":{"start":{"line":38,"column":4},"end":{"line":42,"column":5}},"type":"if","locations":[{"start":{"line":38,"column":4},"end":{"line":42,"column":5}},{"start":{"line":38,"column":4},"end":{"line":42,"column":5}}]},"2":{"loc":{"start":{"line":49,"column":4},"end":{"line":52,"column":5}},"type":"if","locations":[{"start":{"line":49,"column":4},"end":{"line":52,"column":5}},{"start":{"line":49,"column":4},"end":{"line":52,"column":5}}]},"3":{"loc":{"start":{"line":53,"column":4},"end":{"line":56,"column":5}},"type":"if","locations":[{"start":{"line":53,"column":4},"end":{"line":56,"column":5}},{"start":{"line":53,"column":4},"end":{"line":56,"column":5}}]},"4":{"loc":{"start":{"line":66,"column":14},"end":{"line":66,"column":41}},"type":"cond-expr","locations":[{"start":{"line":66,"column":29},"end":{"line":66,"column":36}},{"start":{"line":66,"column":39},"end":{"line":66,"column":41}}]},"5":{"loc":{"start":{"line":77,"column":4},"end":{"line":79,"column":5}},"type":"if","locations":[{"start":{"line":77,"column":4},"end":{"line":79,"column":5}},{"start":{"line":77,"column":4},"end":{"line":79,"column":5}}]},"6":{"loc":{"start":{"line":77,"column":8},"end":{"line":77,"column":71}},"type":"binary-expr","locations":[{"start":{"line":77,"column":8},"end":{"line":77,"column":27}},{"start":{"line":77,"column":31},"end":{"line":77,"column":49}},{"start":{"line":77,"column":53},"end":{"line":77,"column":71}}]},"7":{"loc":{"start":{"line":87,"column":4},"end":{"line":101,"column":5}},"type":"if","locations":[{"start":{"line":87,"column":4},"end":{"line":101,"column":5}},{"start":{"line":87,"column":4},"end":{"line":101,"column":5}}]},"8":{"loc":{"start":{"line":108,"column":21},"end":{"line":108,"column":50}},"type":"binary-expr","locations":[{"start":{"line":108,"column":21},"end":{"line":108,"column":32}},{"start":{"line":108,"column":36},"end":{"line":108,"column":50}}]},"9":{"loc":{"start":{"line":111,"column":31},"end":{"line":111,"column":57}},"type":"cond-expr","locations":[{"start":{"line":111,"column":46},"end":{"line":111,"column":47}},{"start":{"line":111,"column":50},"end":{"line":111,"column":57}}]}},"s":{"0":21,"1":21,"2":21,"3":21,"4":19,"5":8,"6":5,"7":5,"8":8,"9":1,"10":1,"11":8,"12":3,"13":2,"14":2,"15":3,"16":1,"17":1,"18":39,"19":39,"20":39,"21":39,"22":27,"23":12,"24":27,"25":5,"26":5,"27":4,"28":4,"29":22,"30":91,"31":91,"32":91,"33":91,"34":3},"f":{"0":21,"1":19,"2":8,"3":3,"4":39,"5":27,"6":5,"7":4,"8":4,"9":91},"b":{"0":[5,3],"1":[1,7],"2":[2,1],"3":[1,2],"4":[39,0],"5":[12,15],"6":[27,25,17],"7":[5,22],"8":[91,69],"9":[34,57]},"_coverageSchema":"332fd63041d2c1bcb487cc26dd0d5f7d97098a6c","hash":"2a1c4dd7784030f01f1d58c67924881ee983b651"}
,"/Users/eduardo/react-boilerplate/app/components/ProgressBar/Wrapper.js": {"path":"/Users/eduardo/react-boilerplate/app/components/ProgressBar/Wrapper.js","statementMap":{"0":{"start":{"line":8,"column":27},"end":{"line":8,"column":62}},"1":{"start":{"line":9,"column":24},"end":{"line":9,"column":48}},"2":{"start":{"line":11,"column":24},"end":{"line":11,"column":53}}},"fnMap":{"0":{"name":"(anonymous_0)","decl":{"start":{"line":8,"column":16},"end":{"line":8,"column":17}},"loc":{"start":{"line":8,"column":27},"end":{"line":8,"column":62}}},"1":{"name":"(anonymous_1)","decl":{"start":{"line":9,"column":13},"end":{"line":9,"column":14}},"loc":{"start":{"line":9,"column":24},"end":{"line":9,"column":48}}},"2":{"name":"(anonymous_2)","decl":{"start":{"line":11,"column":13},"end":{"line":11,"column":14}},"loc":{"start":{"line":11,"column":24},"end":{"line":11,"column":53}}}},"branchMap":{"0":{"loc":{"start":{"line":8,"column":27},"end":{"line":8,"column":62}},"type":"cond-expr","locations":[{"start":{"line":8,"column":42},"end":{"line":8,"column":50}},{"start":{"line":8,"column":53},"end":{"line":8,"column":62}}]},"1":{"loc":{"start":{"line":9,"column":24},"end":{"line":9,"column":48}},"type":"cond-expr","locations":[{"start":{"line":9,"column":39},"end":{"line":9,"column":42}},{"start":{"line":9,"column":45},"end":{"line":9,"column":48}}]},"2":{"loc":{"start":{"line":11,"column":24},"end":{"line":11,"column":53}},"type":"cond-expr","locations":[{"start":{"line":11,"column":39},"end":{"line":11,"column":44}},{"start":{"line":11,"column":47},"end":{"line":11,"column":53}}]}},"s":{"0":90,"1":90,"2":90},"f":{"0":90,"1":90,"2":90},"b":{"0":[23,67],"1":[23,67],"2":[23,67]},"_coverageSchema":"332fd63041d2c1bcb487cc26dd0d5f7d97098a6c","hash":"cc97f397b336eaf24acb2b98313edeb1acc398a8"}
,"/Users/eduardo/react-boilerplate/app/components/ProgressBar/index.js": {"path":"/Users/eduardo/react-boilerplate/app/components/ProgressBar/index.js","statementMap":{"0":{"start":{"line":7,"column":6},"end":{"line":7,"column":19}},"1":{"start":{"line":8,"column":6},"end":{"line":11,"column":8}},"2":{"start":{"line":12,"column":6},"end":{"line":12,"column":59}},"3":{"start":{"line":27,"column":41},"end":{"line":27,"column":51}},"4":{"start":{"line":28,"column":27},"end":{"line":28,"column":44}},"5":{"start":{"line":31,"column":6},"end":{"line":36,"column":7}},"6":{"start":{"line":32,"column":8},"end":{"line":32,"column":33}},"7":{"start":{"line":33,"column":8},"end":{"line":35,"column":11}},"8":{"start":{"line":41,"column":6},"end":{"line":41,"column":42}},"9":{"start":{"line":45,"column":6},"end":{"line":45,"column":34}},"10":{"start":{"line":49,"column":6},"end":{"line":54,"column":8}},"11":{"start":{"line":58,"column":2},"end":{"line":61,"column":4}},"12":{"start":{"line":63,"column":2},"end":{"line":63,"column":28}}},"fnMap":{"0":{"name":"withProgressBar","decl":{"start":{"line":4,"column":9},"end":{"line":4,"column":24}},"loc":{"start":{"line":4,"column":43},"end":{"line":64,"column":1}}},"1":{"name":"(anonymous_1)","decl":{"start":{"line":6,"column":4},"end":{"line":6,"column":5}},"loc":{"start":{"line":6,"column":23},"end":{"line":13,"column":5}}},"2":{"name":"(anonymous_2)","decl":{"start":{"line":15,"column":4},"end":{"line":15,"column":5}},"loc":{"start":{"line":15,"column":25},"end":{"line":24,"column":5}}},"3":{"name":"(anonymous_3)","decl":{"start":{"line":26,"column":4},"end":{"line":26,"column":5}},"loc":{"start":{"line":26,"column":44},"end":{"line":37,"column":5}}},"4":{"name":"(anonymous_4)","decl":{"start":{"line":39,"column":4},"end":{"line":39,"column":5}},"loc":{"start":{"line":39,"column":27},"end":{"line":42,"column":5}}},"5":{"name":"(anonymous_5)","decl":{"start":{"line":44,"column":4},"end":{"line":44,"column":5}},"loc":{"start":{"line":44,"column":29},"end":{"line":46,"column":5}}},"6":{"name":"(anonymous_6)","decl":{"start":{"line":48,"column":4},"end":{"line":48,"column":5}},"loc":{"start":{"line":48,"column":13},"end":{"line":55,"column":5}}}},"branchMap":{"0":{"loc":{"start":{"line":10,"column":22},"end":{"line":10,"column":65}},"type":"binary-expr","locations":[{"start":{"line":10,"column":22},"end":{"line":10,"column":36}},{"start":{"line":10,"column":40},"end":{"line":10,"column":65}}]},"1":{"loc":{"start":{"line":31,"column":6},"end":{"line":36,"column":7}},"type":"if","locations":[{"start":{"line":31,"column":6},"end":{"line":36,"column":7}},{"start":{"line":31,"column":6},"end":{"line":36,"column":7}}]},"2":{"loc":{"start":{"line":31,"column":10},"end":{"line":31,"column":93}},"type":"binary-expr","locations":[{"start":{"line":31,"column":10},"end":{"line":31,"column":47}},{"start":{"line":31,"column":51},"end":{"line":31,"column":66}},{"start":{"line":31,"column":70},"end":{"line":31,"column":93}}]}},"s":{"0":8,"1":8,"2":8,"3":4,"4":4,"5":4,"6":1,"7":1,"8":1,"9":2,"10":12,"11":2,"12":2},"f":{"0":2,"1":8,"2":8,"3":4,"4":1,"5":2,"6":12},"b":{"0":[8,5],"1":[1,3],"2":[4,2,2]},"_coverageSchema":"332fd63041d2c1bcb487cc26dd0d5f7d97098a6c","hash":"c61c4c493fa4cbac1e073b5611d8a5029c4c03ac"}
,"/Users/eduardo/react-boilerplate/app/components/ReposList/index.js": {"path":"/Users/eduardo/react-boilerplate/app/components/ReposList/index.js","statementMap":{"0":{"start":{"line":9,"column":2},"end":{"line":11,"column":3}},"1":{"start":{"line":10,"column":4},"end":{"line":10,"column":49}},"2":{"start":{"line":13,"column":2},"end":{"line":18,"column":3}},"3":{"start":{"line":14,"column":27},"end":{"line":16,"column":5}},"4":{"start":{"line":15,"column":6},"end":{"line":15,"column":67}},"5":{"start":{"line":17,"column":4},"end":{"line":17,"column":47}},"6":{"start":{"line":20,"column":2},"end":{"line":22,"column":3}},"7":{"start":{"line":21,"column":4},"end":{"line":21,"column":59}},"8":{"start":{"line":24,"column":2},"end":{"line":24,"column":14}},"9":{"start":{"line":27,"column":0},"end":{"line":31,"column":2}}},"fnMap":{"0":{"name":"ReposList","decl":{"start":{"line":8,"column":9},"end":{"line":8,"column":18}},"loc":{"start":{"line":8,"column":46},"end":{"line":25,"column":1}}},"1":{"name":"(anonymous_1)","decl":{"start":{"line":14,"column":27},"end":{"line":14,"column":28}},"loc":{"start":{"line":15,"column":6},"end":{"line":15,"column":67}}}},"branchMap":{"0":{"loc":{"start":{"line":9,"column":2},"end":{"line":11,"column":3}},"type":"if","locations":[{"start":{"line":9,"column":2},"end":{"line":11,"column":3}},{"start":{"line":9,"column":2},"end":{"line":11,"column":3}}]},"1":{"loc":{"start":{"line":13,"column":2},"end":{"line":18,"column":3}},"type":"if","locations":[{"start":{"line":13,"column":2},"end":{"line":18,"column":3}},{"start":{"line":13,"column":2},"end":{"line":18,"column":3}}]},"2":{"loc":{"start":{"line":20,"column":2},"end":{"line":22,"column":3}},"type":"if","locations":[{"start":{"line":20,"column":2},"end":{"line":22,"column":3}},{"start":{"line":20,"column":2},"end":{"line":22,"column":3}}]}},"s":{"0":5,"1":1,"2":4,"3":2,"4":2,"5":2,"6":2,"7":1,"8":1,"9":2},"f":{"0":5,"1":2},"b":{"0":[1,4],"1":[2,2],"2":[1,1]},"_coverageSchema":"332fd63041d2c1bcb487cc26dd0d5f7d97098a6c","hash":"ee0ed0ee03784162ea3038e0e3d0260cedfd6e77"}
,"/Users/eduardo/react-boilerplate/app/components/Toggle/Select.js": {"path":"/Users/eduardo/react-boilerplate/app/components/Toggle/Select.js","statementMap":{"0":{"start":{"line":3,"column":15},"end":{"line":6,"column":1}}},"fnMap":{},"branchMap":{},"s":{"0":5},"f":{},"b":{},"_coverageSchema":"332fd63041d2c1bcb487cc26dd0d5f7d97098a6c","hash":"9d132284c50d584dd1ba205c9fef12fcaced39e2"}
,"/Users/eduardo/react-boilerplate/app/components/Toggle/index.js": {"path":"/Users/eduardo/react-boilerplate/app/components/Toggle/index.js","statementMap":{"0":{"start":{"line":13,"column":17},"end":{"line":13,"column":36}},"1":{"start":{"line":16,"column":2},"end":{"line":20,"column":3}},"2":{"start":{"line":17,"column":4},"end":{"line":19,"column":7}},"3":{"start":{"line":18,"column":6},"end":{"line":18,"column":80}},"4":{"start":{"line":22,"column":2},"end":{"line":26,"column":4}},"5":{"start":{"line":29,"column":0},"end":{"line":34,"column":2}}},"fnMap":{"0":{"name":"Toggle","decl":{"start":{"line":12,"column":9},"end":{"line":12,"column":15}},"loc":{"start":{"line":12,"column":23},"end":{"line":27,"column":1}}},"1":{"name":"(anonymous_1)","decl":{"start":{"line":17,"column":31},"end":{"line":17,"column":32}},"loc":{"start":{"line":18,"column":6},"end":{"line":18,"column":80}}}},"branchMap":{"0":{"loc":{"start":{"line":16,"column":2},"end":{"line":20,"column":3}},"type":"if","locations":[{"start":{"line":16,"column":2},"end":{"line":20,"column":3}},{"start":{"line":16,"column":2},"end":{"line":20,"column":3}}]}},"s":{"0":1,"1":1,"2":1,"3":2,"4":1,"5":4},"f":{"0":1,"1":2},"b":{"0":[1,0]},"_coverageSchema":"332fd63041d2c1bcb487cc26dd0d5f7d97098a6c","hash":"bea5c61684ab33e7a9b6bccde9954d5280d7b2e6"}
,"/Users/eduardo/react-boilerplate/app/components/ToggleOption/index.js": {"path":"/Users/eduardo/react-boilerplate/app/components/ToggleOption/index.js","statementMap":{"0":{"start":{"line":10,"column":21},"end":{"line":14,"column":1}},"1":{"start":{"line":11,"column":2},"end":{"line":13,"column":11}},"2":{"start":{"line":16,"column":0},"end":{"line":20,"column":2}}},"fnMap":{"0":{"name":"(anonymous_0)","decl":{"start":{"line":10,"column":21},"end":{"line":10,"column":22}},"loc":{"start":{"line":11,"column":2},"end":{"line":13,"column":11}}}},"branchMap":{"0":{"loc":{"start":{"line":12,"column":5},"end":{"line":12,"column":50}},"type":"cond-expr","locations":[{"start":{"line":12,"column":15},"end":{"line":12,"column":42}},{"start":{"line":12,"column":45},"end":{"line":12,"column":50}}]}},"s":{"0":5,"1":3,"2":5},"f":{"0":3},"b":{"0":[2,1]},"_coverageSchema":"332fd63041d2c1bcb487cc26dd0d5f7d97098a6c","hash":"93527ecf7dc67fa2ec8e8a45a7d8245f3d930e51"}
,"/Users/eduardo/react-boilerplate/app/containers/App/actions.js": {"path":"/Users/eduardo/react-boilerplate/app/containers/App/actions.js","statementMap":{"0":{"start":{"line":30,"column":2},"end":{"line":32,"column":4}},"1":{"start":{"line":44,"column":2},"end":{"line":48,"column":4}},"2":{"start":{"line":59,"column":2},"end":{"line":62,"column":4}}},"fnMap":{"0":{"name":"loadRepos","decl":{"start":{"line":29,"column":16},"end":{"line":29,"column":25}},"loc":{"start":{"line":29,"column":28},"end":{"line":33,"column":1}}},"1":{"name":"reposLoaded","decl":{"start":{"line":43,"column":16},"end":{"line":43,"column":27}},"loc":{"start":{"line":43,"column":45},"end":{"line":49,"column":1}}},"2":{"name":"repoLoadingError","decl":{"start":{"line":58,"column":16},"end":{"line":58,"column":32}},"loc":{"start":{"line":58,"column":40},"end":{"line":63,"column":1}}}},"branchMap":{},"s":{"0":5,"1":4,"2":4},"f":{"0":5,"1":4,"2":4},"b":{},"_coverageSchema":"332fd63041d2c1bcb487cc26dd0d5f7d97098a6c","hash":"aea702bb43c306149debbef73e780c018b4eb73d"}
,"/Users/eduardo/react-boilerplate/app/containers/App/constants.js": {"path":"/Users/eduardo/react-boilerplate/app/containers/App/constants.js","statementMap":{"0":{"start":{"line":12,"column":26},"end":{"line":12,"column":54}},"1":{"start":{"line":13,"column":34},"end":{"line":13,"column":70}},"2":{"start":{"line":14,"column":32},"end":{"line":14,"column":66}},"3":{"start":{"line":15,"column":30},"end":{"line":15,"column":34}}},"fnMap":{},"branchMap":{},"s":{"0":14,"1":14,"2":14,"3":14},"f":{},"b":{},"_coverageSchema":"332fd63041d2c1bcb487cc26dd0d5f7d97098a6c","hash":"504ae0ff35b6c935bd5bd073373894d935270b9f"}
,"/Users/eduardo/react-boilerplate/app/containers/App/index.js": {"path":"/Users/eduardo/react-boilerplate/app/containers/App/index.js","statementMap":{"0":{"start":{"line":17,"column":19},"end":{"line":24,"column":1}},"1":{"start":{"line":27,"column":2},"end":{"line":40,"column":4}},"2":{"start":{"line":43,"column":0},"end":{"line":45,"column":2}}},"fnMap":{"0":{"name":"App","decl":{"start":{"line":26,"column":16},"end":{"line":26,"column":19}},"loc":{"start":{"line":26,"column":27},"end":{"line":41,"column":1}}}},"branchMap":{},"s":{"0":1,"1":3,"2":1},"f":{"0":3},"b":{},"_coverageSchema":"332fd63041d2c1bcb487cc26dd0d5f7d97098a6c","hash":"655c0f823c221d9926ac552a6b1408669ebf759d"}
,"/Users/eduardo/react-boilerplate/app/containers/App/reducer.js": {"path":"/Users/eduardo/react-boilerplate/app/containers/App/reducer.js","statementMap":{"0":{"start":{"line":22,"column":21},"end":{"line":29,"column":2}},"1":{"start":{"line":32,"column":2},"end":{"line":49,"column":3}},"2":{"start":{"line":34,"column":6},"end":{"line":37,"column":52}},"3":{"start":{"line":39,"column":6},"end":{"line":42,"column":45}},"4":{"start":{"line":44,"column":6},"end":{"line":46,"column":31}},"5":{"start":{"line":48,"column":6},"end":{"line":48,"column":19}}},"fnMap":{"0":{"name":"appReducer","decl":{"start":{"line":31,"column":9},"end":{"line":31,"column":19}},"loc":{"start":{"line":31,"column":50},"end":{"line":50,"column":1}}}},"branchMap":{"0":{"loc":{"start":{"line":31,"column":20},"end":{"line":31,"column":40}},"type":"default-arg","locations":[{"start":{"line":31,"column":28},"end":{"line":31,"column":40}}]},"1":{"loc":{"start":{"line":32,"column":2},"end":{"line":49,"column":3}},"type":"switch","locations":[{"start":{"line":33,"column":4},"end":{"line":37,"column":52}},{"start":{"line":38,"column":4},"end":{"line":42,"column":45}},{"start":{"line":43,"column":4},"end":{"line":46,"column":31}},{"start":{"line":47,"column":4},"end":{"line":48,"column":19}}]}},"s":{"0":6,"1":19,"2":1,"3":1,"4":1,"5":16},"f":{"0":19},"b":{"0":[8],"1":[1,1,1,16]},"_coverageSchema":"332fd63041d2c1bcb487cc26dd0d5f7d97098a6c","hash":"a779b8ee3999d4c5f8315d74370e1b8cfdfbb863"}
,"/Users/eduardo/react-boilerplate/app/containers/App/selectors.js": {"path":"/Users/eduardo/react-boilerplate/app/containers/App/selectors.js","statementMap":{"0":{"start":{"line":7,"column":21},"end":{"line":7,"column":51}},"1":{"start":{"line":7,"column":32},"end":{"line":7,"column":51}},"2":{"start":{"line":9,"column":30},"end":{"line":12,"column":1}},"3":{"start":{"line":9,"column":36},"end":{"line":12,"column":1}},"4":{"start":{"line":11,"column":19},"end":{"line":11,"column":49}},"5":{"start":{"line":14,"column":26},"end":{"line":17,"column":1}},"6":{"start":{"line":14,"column":32},"end":{"line":17,"column":1}},"7":{"start":{"line":16,"column":19},"end":{"line":16,"column":45}},"8":{"start":{"line":19,"column":24},"end":{"line":22,"column":1}},"9":{"start":{"line":19,"column":30},"end":{"line":22,"column":1}},"10":{"start":{"line":21,"column":19},"end":{"line":21,"column":43}},"11":{"start":{"line":24,"column":24},"end":{"line":27,"column":1}},"12":{"start":{"line":24,"column":30},"end":{"line":27,"column":1}},"13":{"start":{"line":26,"column":19},"end":{"line":26,"column":66}},"14":{"start":{"line":29,"column":32},"end":{"line":43,"column":1}},"15":{"start":{"line":33,"column":2},"end":{"line":42,"column":4}},"16":{"start":{"line":34,"column":25},"end":{"line":34,"column":43}},"17":{"start":{"line":36,"column":4},"end":{"line":39,"column":5}},"18":{"start":{"line":37,"column":6},"end":{"line":37,"column":38}},"19":{"start":{"line":38,"column":6},"end":{"line":38,"column":47}},"20":{"start":{"line":41,"column":4},"end":{"line":41,"column":30}}},"fnMap":{"0":{"name":"(anonymous_0)","decl":{"start":{"line":7,"column":21},"end":{"line":7,"column":22}},"loc":{"start":{"line":7,"column":32},"end":{"line":7,"column":51}}},"1":{"name":"(anonymous_1)","decl":{"start":{"line":9,"column":30},"end":{"line":9,"column":31}},"loc":{"start":{"line":9,"column":36},"end":{"line":12,"column":1}}},"2":{"name":"(anonymous_2)","decl":{"start":{"line":11,"column":2},"end":{"line":11,"column":3}},"loc":{"start":{"line":11,"column":19},"end":{"line":11,"column":49}}},"3":{"name":"(anonymous_3)","decl":{"start":{"line":14,"column":26},"end":{"line":14,"column":27}},"loc":{"start":{"line":14,"column":32},"end":{"line":17,"column":1}}},"4":{"name":"(anonymous_4)","decl":{"start":{"line":16,"column":2},"end":{"line":16,"column":3}},"loc":{"start":{"line":16,"column":19},"end":{"line":16,"column":45}}},"5":{"name":"(anonymous_5)","decl":{"start":{"line":19,"column":24},"end":{"line":19,"column":25}},"loc":{"start":{"line":19,"column":30},"end":{"line":22,"column":1}}},"6":{"name":"(anonymous_6)","decl":{"start":{"line":21,"column":2},"end":{"line":21,"column":3}},"loc":{"start":{"line":21,"column":19},"end":{"line":21,"column":43}}},"7":{"name":"(anonymous_7)","decl":{"start":{"line":24,"column":24},"end":{"line":24,"column":25}},"loc":{"start":{"line":24,"column":30},"end":{"line":27,"column":1}}},"8":{"name":"(anonymous_8)","decl":{"start":{"line":26,"column":2},"end":{"line":26,"column":3}},"loc":{"start":{"line":26,"column":19},"end":{"line":26,"column":66}}},"9":{"name":"(anonymous_9)","decl":{"start":{"line":29,"column":32},"end":{"line":29,"column":33}},"loc":{"start":{"line":29,"column":38},"end":{"line":43,"column":1}}},"10":{"name":"(anonymous_10)","decl":{"start":{"line":33,"column":9},"end":{"line":33,"column":10}},"loc":{"start":{"line":33,"column":20},"end":{"line":42,"column":3}}}},"branchMap":{"0":{"loc":{"start":{"line":36,"column":4},"end":{"line":39,"column":5}},"type":"if","locations":[{"start":{"line":36,"column":4},"end":{"line":39,"column":5}},{"start":{"line":36,"column":4},"end":{"line":39,"column":5}}]}},"s":{"0":5,"1":5,"2":5,"3":4,"4":1,"5":5,"6":2,"7":1,"8":5,"9":2,"10":1,"11":5,"12":2,"13":1,"14":5,"15":3,"16":4,"17":4,"18":3,"19":3,"20":4},"f":{"0":5,"1":4,"2":1,"3":2,"4":1,"5":2,"6":1,"7":2,"8":1,"9":3,"10":4},"b":{"0":[3,1]},"_coverageSchema":"332fd63041d2c1bcb487cc26dd0d5f7d97098a6c","hash":"11341a5c7a040f92f434887724bea50e8f4c1679"}
,"/Users/eduardo/react-boilerplate/app/containers/FeaturePage/List.js": {"path":"/Users/eduardo/react-boilerplate/app/containers/FeaturePage/List.js","statementMap":{"0":{"start":{"line":3,"column":13},"end":{"line":6,"column":1}}},"fnMap":{},"branchMap":{},"s":{"0":2},"f":{},"b":{},"_coverageSchema":"332fd63041d2c1bcb487cc26dd0d5f7d97098a6c","hash":"b245080407523c9cc7fbc94e0731d89acdd15df8"}
,"/Users/eduardo/react-boilerplate/app/containers/FeaturePage/ListItem.js": {"path":"/Users/eduardo/react-boilerplate/app/containers/FeaturePage/ListItem.js","statementMap":{"0":{"start":{"line":3,"column":17},"end":{"line":5,"column":1}}},"fnMap":{},"branchMap":{},"s":{"0":2},"f":{},"b":{},"_coverageSchema":"332fd63041d2c1bcb487cc26dd0d5f7d97098a6c","hash":"fc5ee63cac6f62a2c555007e1a419be4d98877e0"}
,"/Users/eduardo/react-boilerplate/app/containers/FeaturePage/ListItemTitle.js": {"path":"/Users/eduardo/react-boilerplate/app/containers/FeaturePage/ListItemTitle.js","statementMap":{"0":{"start":{"line":3,"column":22},"end":{"line":5,"column":1}}},"fnMap":{},"branchMap":{},"s":{"0":2},"f":{},"b":{},"_coverageSchema":"332fd63041d2c1bcb487cc26dd0d5f7d97098a6c","hash":"2ab1fd338675b97a25e79898c7f6bf2d6c9aeeaf"}
,"/Users/eduardo/react-boilerplate/app/containers/FeaturePage/index.js": {"path":"/Users/eduardo/react-boilerplate/app/containers/FeaturePage/index.js","statementMap":{"0":{"start":{"line":21,"column":4},"end":{"line":21,"column":17}},"1":{"start":{"line":25,"column":4},"end":{"line":83,"column":6}}},"fnMap":{"0":{"name":"(anonymous_0)","decl":{"start":{"line":20,"column":2},"end":{"line":20,"column":3}},"loc":{"start":{"line":20,"column":26},"end":{"line":22,"column":3}}},"1":{"name":"(anonymous_1)","decl":{"start":{"line":24,"column":2},"end":{"line":24,"column":3}},"loc":{"start":{"line":24,"column":11},"end":{"line":84,"column":3}}}},"branchMap":{},"s":{"0":0,"1":1},"f":{"0":0,"1":1},"b":{},"_coverageSchema":"332fd63041d2c1bcb487cc26dd0d5f7d97098a6c","hash":"f3a2957017925939154540206d92841c08a3ec88"}
,"/Users/eduardo/react-boilerplate/app/containers/FeaturePage/messages.js": {"path":"/Users/eduardo/react-boilerplate/app/containers/FeaturePage/messages.js","statementMap":{},"fnMap":{},"branchMap":{},"s":{},"f":{},"b":{},"_coverageSchema":"332fd63041d2c1bcb487cc26dd0d5f7d97098a6c","hash":"8419f7bc5a78366d7d2237032b177d72594bfdbf"}
,"/Users/eduardo/react-boilerplate/app/containers/HomePage/AtPrefix.js": {"path":"/Users/eduardo/react-boilerplate/app/containers/HomePage/AtPrefix.js","statementMap":{"0":{"start":{"line":3,"column":17},"end":{"line":6,"column":1}}},"fnMap":{},"branchMap":{},"s":{"0":2},"f":{},"b":{},"_coverageSchema":"332fd63041d2c1bcb487cc26dd0d5f7d97098a6c","hash":"96f6a876094630e57f8875496122c0c8939c6463"}
,"/Users/eduardo/react-boilerplate/app/containers/HomePage/CenteredSection.js": {"path":"/Users/eduardo/react-boilerplate/app/containers/HomePage/CenteredSection.js","statementMap":{"0":{"start":{"line":5,"column":24},"end":{"line":7,"column":1}}},"fnMap":{},"branchMap":{},"s":{"0":2},"f":{},"b":{},"_coverageSchema":"332fd63041d2c1bcb487cc26dd0d5f7d97098a6c","hash":"0878d8a4470845cecbb9183cee3ba133e27aed83"}
,"/Users/eduardo/react-boilerplate/app/containers/HomePage/Form.js": {"path":"/Users/eduardo/react-boilerplate/app/containers/HomePage/Form.js","statementMap":{"0":{"start":{"line":3,"column":13},"end":{"line":5,"column":1}}},"fnMap":{},"branchMap":{},"s":{"0":2},"f":{},"b":{},"_coverageSchema":"332fd63041d2c1bcb487cc26dd0d5f7d97098a6c","hash":"9cc6f7b3760c5c73f5b048d9884271f3eb806d85"}
,"/Users/eduardo/react-boilerplate/app/containers/HomePage/Input.js": {"path":"/Users/eduardo/react-boilerplate/app/containers/HomePage/Input.js","statementMap":{"0":{"start":{"line":3,"column":14},"end":{"line":6,"column":1}}},"fnMap":{},"branchMap":{},"s":{"0":2},"f":{},"b":{},"_coverageSchema":"332fd63041d2c1bcb487cc26dd0d5f7d97098a6c","hash":"b3298d2a3f304d1f981421d5fb6bc10498b059c1"}
,"/Users/eduardo/react-boilerplate/app/containers/HomePage/Section.js": {"path":"/Users/eduardo/react-boilerplate/app/containers/HomePage/Section.js","statementMap":{"0":{"start":{"line":3,"column":16},"end":{"line":9,"column":1}}},"fnMap":{},"branchMap":{},"s":{"0":3},"f":{},"b":{},"_coverageSchema":"332fd63041d2c1bcb487cc26dd0d5f7d97098a6c","hash":"23c7092a8fa55c51f5308577281caf75913a86ec"}
,"/Users/eduardo/react-boilerplate/app/containers/HomePage/actions.js": {"path":"/Users/eduardo/react-boilerplate/app/containers/HomePage/actions.js","statementMap":{"0":{"start":{"line":30,"column":2},"end":{"line":33,"column":4}}},"fnMap":{"0":{"name":"changeUsername","decl":{"start":{"line":29,"column":16},"end":{"line":29,"column":30}},"loc":{"start":{"line":29,"column":37},"end":{"line":34,"column":1}}}},"branchMap":{},"s":{"0":4},"f":{"0":4},"b":{},"_coverageSchema":"332fd63041d2c1bcb487cc26dd0d5f7d97098a6c","hash":"8e0162059272e9dc222b840b28a3222008e39253"}
,"/Users/eduardo/react-boilerplate/app/containers/HomePage/constants.js": {"path":"/Users/eduardo/react-boilerplate/app/containers/HomePage/constants.js","statementMap":{"0":{"start":{"line":12,"column":31},"end":{"line":12,"column":65}}},"fnMap":{},"branchMap":{},"s":{"0":3},"f":{},"b":{},"_coverageSchema":"332fd63041d2c1bcb487cc26dd0d5f7d97098a6c","hash":"5e642539e01a85d4bf423bbb62a64e266e1138d8"}
,"/Users/eduardo/react-boilerplate/app/containers/HomePage/index.js": {"path":"/Users/eduardo/react-boilerplate/app/containers/HomePage/index.js","statementMap":{"0":{"start":{"line":31,"column":4},"end":{"line":33,"column":5}},"1":{"start":{"line":32,"column":6},"end":{"line":32,"column":32}},"2":{"start":{"line":37,"column":38},"end":{"line":37,"column":48}},"3":{"start":{"line":38,"column":27},"end":{"line":42,"column":5}},"4":{"start":{"line":44,"column":4},"end":{"line":84,"column":6}},"5":{"start":{"line":88,"column":0},"end":{"line":101,"column":2}},"6":{"start":{"line":104,"column":2},"end":{"line":110,"column":4}},"7":{"start":{"line":105,"column":31},"end":{"line":105,"column":73}},"8":{"start":{"line":107,"column":6},"end":{"line":107,"column":72}},"9":{"start":{"line":107,"column":51},"end":{"line":107,"column":72}},"10":{"start":{"line":108,"column":6},"end":{"line":108,"column":28}},"11":{"start":{"line":113,"column":24},"end":{"line":118,"column":2}}},"fnMap":{"0":{"name":"(anonymous_0)","decl":{"start":{"line":30,"column":2},"end":{"line":30,"column":3}},"loc":{"start":{"line":30,"column":22},"end":{"line":34,"column":3}}},"1":{"name":"(anonymous_1)","decl":{"start":{"line":36,"column":2},"end":{"line":36,"column":3}},"loc":{"start":{"line":36,"column":11},"end":{"line":85,"column":3}}},"2":{"name":"mapDispatchToProps","decl":{"start":{"line":103,"column":16},"end":{"line":103,"column":34}},"loc":{"start":{"line":103,"column":45},"end":{"line":111,"column":1}}},"3":{"name":"(anonymous_3)","decl":{"start":{"line":105,"column":22},"end":{"line":105,"column":23}},"loc":{"start":{"line":105,"column":31},"end":{"line":105,"column":73}}},"4":{"name":"(anonymous_4)","decl":{"start":{"line":106,"column":18},"end":{"line":106,"column":19}},"loc":{"start":{"line":106,"column":27},"end":{"line":109,"column":5}}}},"branchMap":{"0":{"loc":{"start":{"line":31,"column":4},"end":{"line":33,"column":5}},"type":"if","locations":[{"start":{"line":31,"column":4},"end":{"line":33,"column":5}},{"start":{"line":31,"column":4},"end":{"line":33,"column":5}}]},"1":{"loc":{"start":{"line":31,"column":8},"end":{"line":31,"column":68}},"type":"binary-expr","locations":[{"start":{"line":31,"column":8},"end":{"line":31,"column":27}},{"start":{"line":31,"column":31},"end":{"line":31,"column":68}}]},"2":{"loc":{"start":{"line":107,"column":6},"end":{"line":107,"column":72}},"type":"if","locations":[{"start":{"line":107,"column":6},"end":{"line":107,"column":72}},{"start":{"line":107,"column":6},"end":{"line":107,"column":72}}]},"3":{"loc":{"start":{"line":107,"column":10},"end":{"line":107,"column":49}},"type":"binary-expr","locations":[{"start":{"line":107,"column":10},"end":{"line":107,"column":27}},{"start":{"line":107,"column":31},"end":{"line":107,"column":49}}]}},"s":{"0":1,"1":1,"2":2,"3":2,"4":2,"5":1,"6":5,"7":1,"8":2,"9":1,"10":2,"11":1},"f":{"0":1,"1":2,"2":5,"3":1,"4":2},"b":{"0":[1,0],"1":[1,1],"2":[1,1],"3":[2,1]},"_coverageSchema":"332fd63041d2c1bcb487cc26dd0d5f7d97098a6c","hash":"90e327eb0173eee4f78b6217b2710cb9f0f7a5bf"}
,"/Users/eduardo/react-boilerplate/app/containers/HomePage/messages.js": {"path":"/Users/eduardo/react-boilerplate/app/containers/HomePage/messages.js","statementMap":{},"fnMap":{},"branchMap":{},"s":{},"f":{},"b":{},"_coverageSchema":"332fd63041d2c1bcb487cc26dd0d5f7d97098a6c","hash":"b25bbc4127b6334c24b607d02761fe1a1a75ca05"}
,"/Users/eduardo/react-boilerplate/app/containers/HomePage/reducer.js": {"path":"/Users/eduardo/react-boilerplate/app/containers/HomePage/reducer.js","statementMap":{"0":{"start":{"line":19,"column":21},"end":{"line":21,"column":2}},"1":{"start":{"line":24,"column":2},"end":{"line":32,"column":3}},"2":{"start":{"line":28,"column":6},"end":{"line":29,"column":57}},"3":{"start":{"line":31,"column":6},"end":{"line":31,"column":19}}},"fnMap":{"0":{"name":"homeReducer","decl":{"start":{"line":23,"column":9},"end":{"line":23,"column":20}},"loc":{"start":{"line":23,"column":51},"end":{"line":33,"column":1}}}},"branchMap":{"0":{"loc":{"start":{"line":23,"column":21},"end":{"line":23,"column":41}},"type":"default-arg","locations":[{"start":{"line":23,"column":29},"end":{"line":23,"column":41}}]},"1":{"loc":{"start":{"line":24,"column":2},"end":{"line":32,"column":3}},"type":"switch","locations":[{"start":{"line":25,"column":4},"end":{"line":29,"column":57}},{"start":{"line":30,"column":4},"end":{"line":31,"column":19}}]}},"s":{"0":1,"1":2,"2":1,"3":1},"f":{"0":2},"b":{"0":[1],"1":[1,1]},"_coverageSchema":"332fd63041d2c1bcb487cc26dd0d5f7d97098a6c","hash":"0868287169184ddf8318a23b36bd7852979b7c9e"}
,"/Users/eduardo/react-boilerplate/app/containers/HomePage/sagas.js": {"path":"/Users/eduardo/react-boilerplate/app/containers/HomePage/sagas.js","statementMap":{"0":{"start":{"line":18,"column":19},"end":{"line":18,"column":53}},"1":{"start":{"line":19,"column":21},"end":{"line":19,"column":91}},"2":{"start":{"line":21,"column":2},"end":{"line":27,"column":3}},"3":{"start":{"line":23,"column":18},"end":{"line":23,"column":49}},"4":{"start":{"line":24,"column":4},"end":{"line":24,"column":44}},"5":{"start":{"line":26,"column":4},"end":{"line":26,"column":37}},"6":{"start":{"line":37,"column":18},"end":{"line":37,"column":56}},"7":{"start":{"line":40,"column":2},"end":{"line":40,"column":30}},"8":{"start":{"line":41,"column":2},"end":{"line":41,"column":24}}},"fnMap":{"0":{"name":"getRepos","decl":{"start":{"line":16,"column":17},"end":{"line":16,"column":25}},"loc":{"start":{"line":16,"column":28},"end":{"line":28,"column":1}}},"1":{"name":"githubData","decl":{"start":{"line":33,"column":17},"end":{"line":33,"column":27}},"loc":{"start":{"line":33,"column":30},"end":{"line":42,"column":1}}}},"branchMap":{},"s":{"0":2,"1":2,"2":2,"3":2,"4":1,"5":1,"6":1,"7":1,"8":1},"f":{"0":2,"1":1},"b":{},"_coverageSchema":"332fd63041d2c1bcb487cc26dd0d5f7d97098a6c","hash":"e645982ed93df9779dc28d3d32ae80be622ce156"}
,"/Users/eduardo/react-boilerplate/app/containers/HomePage/selectors.js": {"path":"/Users/eduardo/react-boilerplate/app/containers/HomePage/selectors.js","statementMap":{"0":{"start":{"line":7,"column":19},"end":{"line":7,"column":47}},"1":{"start":{"line":7,"column":30},"end":{"line":7,"column":47}},"2":{"start":{"line":9,"column":27},"end":{"line":12,"column":1}},"3":{"start":{"line":9,"column":33},"end":{"line":12,"column":1}},"4":{"start":{"line":11,"column":17},"end":{"line":11,"column":42}}},"fnMap":{"0":{"name":"(anonymous_0)","decl":{"start":{"line":7,"column":19},"end":{"line":7,"column":20}},"loc":{"start":{"line":7,"column":30},"end":{"line":7,"column":47}}},"1":{"name":"(anonymous_1)","decl":{"start":{"line":9,"column":27},"end":{"line":9,"column":28}},"loc":{"start":{"line":9,"column":33},"end":{"line":12,"column":1}}},"2":{"name":"(anonymous_2)","decl":{"start":{"line":11,"column":2},"end":{"line":11,"column":3}},"loc":{"start":{"line":11,"column":17},"end":{"line":11,"column":42}}}},"branchMap":{},"s":{"0":3,"1":2,"2":3,"3":4,"4":1},"f":{"0":2,"1":4,"2":1},"b":{},"_coverageSchema":"332fd63041d2c1bcb487cc26dd0d5f7d97098a6c","hash":"e5eeb6852a42ae8d05b86a82b9da328f2c1c758b"}
,"/Users/eduardo/react-boilerplate/app/containers/LanguageProvider/actions.js": {"path":"/Users/eduardo/react-boilerplate/app/containers/LanguageProvider/actions.js","statementMap":{"0":{"start":{"line":12,"column":2},"end":{"line":15,"column":4}}},"fnMap":{"0":{"name":"changeLocale","decl":{"start":{"line":11,"column":16},"end":{"line":11,"column":28}},"loc":{"start":{"line":11,"column":45},"end":{"line":16,"column":1}}}},"branchMap":{},"s":{"0":3},"f":{"0":3},"b":{},"_coverageSchema":"332fd63041d2c1bcb487cc26dd0d5f7d97098a6c","hash":"1bce07ecf3fce6ba8d3e4ce73557a1ce3bbb659a"}
,"/Users/eduardo/react-boilerplate/app/containers/LanguageProvider/constants.js": {"path":"/Users/eduardo/react-boilerplate/app/containers/LanguageProvider/constants.js","statementMap":{"0":{"start":{"line":7,"column":29},"end":{"line":7,"column":63}}},"fnMap":{},"branchMap":{},"s":{"0":10},"f":{},"b":{},"_coverageSchema":"332fd63041d2c1bcb487cc26dd0d5f7d97098a6c","hash":"eefa288e64aa309aec320d9bd2e7112de4740beb"}
,"/Users/eduardo/react-boilerplate/app/containers/LanguageProvider/index.js": {"path":"/Users/eduardo/react-boilerplate/app/containers/LanguageProvider/index.js","statementMap":{"0":{"start":{"line":18,"column":4},"end":{"line":22,"column":6}},"1":{"start":{"line":26,"column":0},"end":{"line":30,"column":2}},"2":{"start":{"line":32,"column":24},"end":{"line":35,"column":1}},"3":{"start":{"line":34,"column":15},"end":{"line":34,"column":25}}},"fnMap":{"0":{"name":"(anonymous_0)","decl":{"start":{"line":17,"column":2},"end":{"line":17,"column":3}},"loc":{"start":{"line":17,"column":11},"end":{"line":23,"column":3}}},"1":{"name":"(anonymous_1)","decl":{"start":{"line":34,"column":2},"end":{"line":34,"column":3}},"loc":{"start":{"line":34,"column":15},"end":{"line":34,"column":25}}}},"branchMap":{},"s":{"0":3,"1":2,"2":2,"3":2},"f":{"0":3,"1":2},"b":{},"_coverageSchema":"332fd63041d2c1bcb487cc26dd0d5f7d97098a6c","hash":"f0642d115c59b6148d702a21c859f1a4ba7bfed9"}
,"/Users/eduardo/react-boilerplate/app/containers/LanguageProvider/reducer.js": {"path":"/Users/eduardo/react-boilerplate/app/containers/LanguageProvider/reducer.js","statementMap":{"0":{"start":{"line":16,"column":21},"end":{"line":18,"column":2}},"1":{"start":{"line":21,"column":2},"end":{"line":27,"column":3}},"2":{"start":{"line":23,"column":6},"end":{"line":24,"column":38}},"3":{"start":{"line":26,"column":6},"end":{"line":26,"column":19}}},"fnMap":{"0":{"name":"languageProviderReducer","decl":{"start":{"line":20,"column":9},"end":{"line":20,"column":32}},"loc":{"start":{"line":20,"column":63},"end":{"line":28,"column":1}}}},"branchMap":{"0":{"loc":{"start":{"line":20,"column":33},"end":{"line":20,"column":53}},"type":"default-arg","locations":[{"start":{"line":20,"column":41},"end":{"line":20,"column":53}}]},"1":{"loc":{"start":{"line":21,"column":2},"end":{"line":27,"column":3}},"type":"switch","locations":[{"start":{"line":22,"column":4},"end":{"line":24,"column":38}},{"start":{"line":25,"column":4},"end":{"line":26,"column":19}}]}},"s":{"0":7,"1":18,"2":1,"3":17},"f":{"0":18},"b":{"0":[10],"1":[1,17]},"_coverageSchema":"332fd63041d2c1bcb487cc26dd0d5f7d97098a6c","hash":"27e8415ebe22965732eec2c3d0e0e4b5d469537f"}
,"/Users/eduardo/react-boilerplate/app/containers/LanguageProvider/selectors.js": {"path":"/Users/eduardo/react-boilerplate/app/containers/LanguageProvider/selectors.js","statementMap":{"0":{"start":{"line":6,"column":23},"end":{"line":6,"column":55}},"1":{"start":{"line":6,"column":34},"end":{"line":6,"column":55}},"2":{"start":{"line":12,"column":25},"end":{"line":15,"column":1}},"3":{"start":{"line":12,"column":31},"end":{"line":15,"column":1}},"4":{"start":{"line":14,"column":21},"end":{"line":14,"column":48}}},"fnMap":{"0":{"name":"(anonymous_0)","decl":{"start":{"line":6,"column":23},"end":{"line":6,"column":24}},"loc":{"start":{"line":6,"column":34},"end":{"line":6,"column":55}}},"1":{"name":"(anonymous_1)","decl":{"start":{"line":12,"column":25},"end":{"line":12,"column":26}},"loc":{"start":{"line":12,"column":31},"end":{"line":15,"column":1}}},"2":{"name":"(anonymous_2)","decl":{"start":{"line":14,"column":2},"end":{"line":14,"column":3}},"loc":{"start":{"line":14,"column":21},"end":{"line":14,"column":48}}}},"branchMap":{},"s":{"0":5,"1":4,"2":5,"3":5,"4":3},"f":{"0":4,"1":5,"2":3},"b":{},"_coverageSchema":"332fd63041d2c1bcb487cc26dd0d5f7d97098a6c","hash":"d0e52d5cd772bd27debfef87cd6572a0131d6124"}
,"/Users/eduardo/react-boilerplate/app/containers/LocaleToggle/Wrapper.js": {"path":"/Users/eduardo/react-boilerplate/app/containers/LocaleToggle/Wrapper.js","statementMap":{"0":{"start":{"line":3,"column":16},"end":{"line":5,"column":1}}},"fnMap":{},"branchMap":{},"s":{"0":4},"f":{},"b":{},"_coverageSchema":"332fd63041d2c1bcb487cc26dd0d5f7d97098a6c","hash":"8943ab8a0669943d64264b2ea153179e9b7ed1e5"}
,"/Users/eduardo/react-boilerplate/app/containers/LocaleToggle/index.js": {"path":"/Users/eduardo/react-boilerplate/app/containers/LocaleToggle/index.js","statementMap":{"0":{"start":{"line":20,"column":4},"end":{"line":24,"column":6}},"1":{"start":{"line":28,"column":0},"end":{"line":31,"column":2}},"2":{"start":{"line":33,"column":24},"end":{"line":36,"column":1}},"3":{"start":{"line":35,"column":15},"end":{"line":35,"column":25}},"4":{"start":{"line":39,"column":2},"end":{"line":42,"column":4}},"5":{"start":{"line":40,"column":29},"end":{"line":40,"column":69}}},"fnMap":{"0":{"name":"(anonymous_0)","decl":{"start":{"line":19,"column":2},"end":{"line":19,"column":3}},"loc":{"start":{"line":19,"column":11},"end":{"line":25,"column":3}}},"1":{"name":"(anonymous_1)","decl":{"start":{"line":35,"column":2},"end":{"line":35,"column":3}},"loc":{"start":{"line":35,"column":15},"end":{"line":35,"column":25}}},"2":{"name":"mapDispatchToProps","decl":{"start":{"line":38,"column":16},"end":{"line":38,"column":34}},"loc":{"start":{"line":38,"column":45},"end":{"line":43,"column":1}}},"3":{"name":"(anonymous_3)","decl":{"start":{"line":40,"column":20},"end":{"line":40,"column":21}},"loc":{"start":{"line":40,"column":29},"end":{"line":40,"column":69}}}},"branchMap":{},"s":{"0":1,"1":3,"2":3,"3":1,"4":3,"5":1},"f":{"0":1,"1":1,"2":3,"3":1},"b":{},"_coverageSchema":"332fd63041d2c1bcb487cc26dd0d5f7d97098a6c","hash":"00f122116136f4d40020791bae12fb3a8a87b7bc"}
,"/Users/eduardo/react-boilerplate/app/containers/LocaleToggle/messages.js": {"path":"/Users/eduardo/react-boilerplate/app/containers/LocaleToggle/messages.js","statementMap":{},"fnMap":{},"branchMap":{},"s":{},"f":{},"b":{},"_coverageSchema":"332fd63041d2c1bcb487cc26dd0d5f7d97098a6c","hash":"c0ef17eeef64fa2ac28fc87ed28184681ece0573"}
,"/Users/eduardo/react-boilerplate/app/containers/NotFoundPage/index.js": {"path":"/Users/eduardo/react-boilerplate/app/containers/NotFoundPage/index.js","statementMap":{"0":{"start":{"line":14,"column":2},"end":{"line":20,"column":4}}},"fnMap":{"0":{"name":"NotFound","decl":{"start":{"line":13,"column":24},"end":{"line":13,"column":32}},"loc":{"start":{"line":13,"column":35},"end":{"line":21,"column":1}}}},"branchMap":{},"s":{"0":1},"f":{"0":1},"b":{},"_coverageSchema":"332fd63041d2c1bcb487cc26dd0d5f7d97098a6c","hash":"11f2d0d88eab7900ae76445e14ab21324416cfde"}
,"/Users/eduardo/react-boilerplate/app/containers/NotFoundPage/messages.js": {"path":"/Users/eduardo/react-boilerplate/app/containers/NotFoundPage/messages.js","statementMap":{},"fnMap":{},"branchMap":{},"s":{},"f":{},"b":{},"_coverageSchema":"332fd63041d2c1bcb487cc26dd0d5f7d97098a6c","hash":"556ace54baaa5519ca58db7b99394d40af41d0ca"}
,"/Users/eduardo/react-boilerplate/app/containers/RepoListItem/IssueIcon.js": {"path":"/Users/eduardo/react-boilerplate/app/containers/RepoListItem/IssueIcon.js","statementMap":{"0":{"start":{"line":5,"column":18},"end":{"line":8,"column":1}}},"fnMap":{},"branchMap":{},"s":{"0":4},"f":{},"b":{},"_coverageSchema":"332fd63041d2c1bcb487cc26dd0d5f7d97098a6c","hash":"a7446784efce5385490667df187e2135ad514939"}
,"/Users/eduardo/react-boilerplate/app/containers/RepoListItem/IssueLink.js": {"path":"/Users/eduardo/react-boilerplate/app/containers/RepoListItem/IssueLink.js","statementMap":{"0":{"start":{"line":5,"column":18},"end":{"line":11,"column":1}}},"fnMap":{},"branchMap":{},"s":{"0":4},"f":{},"b":{},"_coverageSchema":"332fd63041d2c1bcb487cc26dd0d5f7d97098a6c","hash":"1bef9f98fb49eb6fc92ad1eaba3912ad06906819"}
,"/Users/eduardo/react-boilerplate/app/containers/RepoListItem/RepoLink.js": {"path":"/Users/eduardo/react-boilerplate/app/containers/RepoListItem/RepoLink.js","statementMap":{"0":{"start":{"line":5,"column":17},"end":{"line":11,"column":1}}},"fnMap":{},"branchMap":{},"s":{"0":4},"f":{},"b":{},"_coverageSchema":"332fd63041d2c1bcb487cc26dd0d5f7d97098a6c","hash":"eef5f2c6067bd410c23e61dd769f5049ba353398"}
,"/Users/eduardo/react-boilerplate/app/containers/RepoListItem/Wrapper.js": {"path":"/Users/eduardo/react-boilerplate/app/containers/RepoListItem/Wrapper.js","statementMap":{"0":{"start":{"line":3,"column":16},"end":{"line":8,"column":1}}},"fnMap":{},"branchMap":{},"s":{"0":4},"f":{},"b":{},"_coverageSchema":"332fd63041d2c1bcb487cc26dd0d5f7d97098a6c","hash":"2e14521d91ca1bdd07e5de7936d58c37cf3b9f60"}
,"/Users/eduardo/react-boilerplate/app/containers/RepoListItem/index.js": {"path":"/Users/eduardo/react-boilerplate/app/containers/RepoListItem/index.js","statementMap":{"0":{"start":{"line":21,"column":17},"end":{"line":21,"column":32}},"1":{"start":{"line":22,"column":21},"end":{"line":22,"column":23}},"2":{"start":{"line":26,"column":4},"end":{"line":28,"column":5}},"3":{"start":{"line":27,"column":6},"end":{"line":27,"column":42}},"4":{"start":{"line":32,"column":6},"end":{"line":40,"column":16}},"5":{"start":{"line":44,"column":4},"end":{"line":46,"column":6}},"6":{"start":{"line":50,"column":0},"end":{"line":53,"column":2}}},"fnMap":{"0":{"name":"(anonymous_0)","decl":{"start":{"line":20,"column":2},"end":{"line":20,"column":3}},"loc":{"start":{"line":20,"column":11},"end":{"line":47,"column":3}}}},"branchMap":{"0":{"loc":{"start":{"line":26,"column":4},"end":{"line":28,"column":5}},"type":"if","locations":[{"start":{"line":26,"column":4},"end":{"line":28,"column":5}},{"start":{"line":26,"column":4},"end":{"line":28,"column":5}}]}},"s":{"0":6,"1":6,"2":6,"3":5,"4":6,"5":6,"6":3},"f":{"0":6},"b":{"0":[5,1]},"_coverageSchema":"332fd63041d2c1bcb487cc26dd0d5f7d97098a6c","hash":"77438b5b92e190ce7f936d24b712c84f73973d2d"}
,"/Users/eduardo/react-boilerplate/app/utils/asyncInjectors.js": {"path":"/Users/eduardo/react-boilerplate/app/utils/asyncInjectors.js","statementMap":{"0":{"start":{"line":15,"column":16},"end":{"line":22,"column":3}},"1":{"start":{"line":23,"column":2},"end":{"line":26,"column":4}},"2":{"start":{"line":33,"column":2},"end":{"line":45,"column":4}},"3":{"start":{"line":34,"column":4},"end":{"line":34,"column":36}},"4":{"start":{"line":34,"column":18},"end":{"line":34,"column":36}},"5":{"start":{"line":36,"column":4},"end":{"line":39,"column":6}},"6":{"start":{"line":41,"column":4},"end":{"line":41,"column":55}},"7":{"start":{"line":41,"column":48},"end":{"line":41,"column":55}},"8":{"start":{"line":43,"column":4},"end":{"line":43,"column":45}},"9":{"start":{"line":44,"column":4},"end":{"line":44,"column":61}},"10":{"start":{"line":52,"column":2},"end":{"line":66,"column":4}},"11":{"start":{"line":53,"column":4},"end":{"line":53,"column":36}},"12":{"start":{"line":53,"column":18},"end":{"line":53,"column":36}},"13":{"start":{"line":55,"column":4},"end":{"line":58,"column":6}},"14":{"start":{"line":60,"column":4},"end":{"line":63,"column":6}},"15":{"start":{"line":65,"column":4},"end":{"line":65,"column":29}},"16":{"start":{"line":73,"column":2},"end":{"line":73,"column":20}},"17":{"start":{"line":75,"column":2},"end":{"line":78,"column":4}}},"fnMap":{"0":{"name":"checkStore","decl":{"start":{"line":14,"column":16},"end":{"line":14,"column":26}},"loc":{"start":{"line":14,"column":34},"end":{"line":27,"column":1}}},"1":{"name":"injectAsyncReducer","decl":{"start":{"line":32,"column":16},"end":{"line":32,"column":34}},"loc":{"start":{"line":32,"column":51},"end":{"line":46,"column":1}}},"2":{"name":"injectReducer","decl":{"start":{"line":33,"column":18},"end":{"line":33,"column":31}},"loc":{"start":{"line":33,"column":52},"end":{"line":45,"column":3}}},"3":{"name":"injectAsyncSagas","decl":{"start":{"line":51,"column":16},"end":{"line":51,"column":32}},"loc":{"start":{"line":51,"column":49},"end":{"line":67,"column":1}}},"4":{"name":"injectSagas","decl":{"start":{"line":52,"column":18},"end":{"line":52,"column":29}},"loc":{"start":{"line":52,"column":37},"end":{"line":66,"column":3}}},"5":{"name":"getAsyncInjectors","decl":{"start":{"line":72,"column":16},"end":{"line":72,"column":33}},"loc":{"start":{"line":72,"column":41},"end":{"line":79,"column":1}}}},"branchMap":{"0":{"loc":{"start":{"line":34,"column":4},"end":{"line":34,"column":36}},"type":"if","locations":[{"start":{"line":34,"column":4},"end":{"line":34,"column":36}},{"start":{"line":34,"column":4},"end":{"line":34,"column":36}}]},"1":{"loc":{"start":{"line":37,"column":6},"end":{"line":37,"column":66}},"type":"binary-expr","locations":[{"start":{"line":37,"column":6},"end":{"line":37,"column":20}},{"start":{"line":37,"column":24},"end":{"line":37,"column":38}},{"start":{"line":37,"column":42},"end":{"line":37,"column":66}}]},"2":{"loc":{"start":{"line":41,"column":4},"end":{"line":41,"column":55}},"type":"if","locations":[{"start":{"line":41,"column":4},"end":{"line":41,"column":55}},{"start":{"line":41,"column":4},"end":{"line":41,"column":55}}]},"3":{"loc":{"start":{"line":53,"column":4},"end":{"line":53,"column":36}},"type":"if","locations":[{"start":{"line":53,"column":4},"end":{"line":53,"column":36}},{"start":{"line":53,"column":4},"end":{"line":53,"column":36}}]}},"s":{"0":12,"1":12,"2":5,"3":8,"4":7,"5":8,"6":4,"7":2,"8":2,"9":2,"10":3,"11":4,"12":3,"13":4,"14":2,"15":2,"16":2,"17":1},"f":{"0":12,"1":5,"2":8,"3":3,"4":4,"5":2},"b":{"0":[7,1],"1":[8,7,6],"2":[2,2],"3":[3,1]},"_coverageSchema":"332fd63041d2c1bcb487cc26dd0d5f7d97098a6c","hash":"96505edbff43c11e51ccda743906ea6070fc5060"}
,"/Users/eduardo/react-boilerplate/app/utils/request.js": {"path":"/Users/eduardo/react-boilerplate/app/utils/request.js","statementMap":{"0":{"start":{"line":11,"column":2},"end":{"line":11,"column":25}},"1":{"start":{"line":22,"column":2},"end":{"line":24,"column":3}},"2":{"start":{"line":23,"column":4},"end":{"line":23,"column":20}},"3":{"start":{"line":26,"column":16},"end":{"line":26,"column":46}},"4":{"start":{"line":27,"column":2},"end":{"line":27,"column":28}},"5":{"start":{"line":28,"column":2},"end":{"line":28,"column":14}},"6":{"start":{"line":40,"column":2},"end":{"line":42,"column":21}}},"fnMap":{"0":{"name":"parseJSON","decl":{"start":{"line":10,"column":9},"end":{"line":10,"column":18}},"loc":{"start":{"line":10,"column":29},"end":{"line":12,"column":1}}},"1":{"name":"checkStatus","decl":{"start":{"line":21,"column":9},"end":{"line":21,"column":20}},"loc":{"start":{"line":21,"column":31},"end":{"line":29,"column":1}}},"2":{"name":"request","decl":{"start":{"line":39,"column":24},"end":{"line":39,"column":31}},"loc":{"start":{"line":39,"column":46},"end":{"line":43,"column":1}}}},"branchMap":{"0":{"loc":{"start":{"line":22,"column":2},"end":{"line":24,"column":3}},"type":"if","locations":[{"start":{"line":22,"column":2},"end":{"line":24,"column":3}},{"start":{"line":22,"column":2},"end":{"line":24,"column":3}}]},"1":{"loc":{"start":{"line":22,"column":6},"end":{"line":22,"column":53}},"type":"binary-expr","locations":[{"start":{"line":22,"column":6},"end":{"line":22,"column":28}},{"start":{"line":22,"column":32},"end":{"line":22,"column":53}}]}},"s":{"0":1,"1":2,"2":1,"3":1,"4":1,"5":1,"6":2},"f":{"0":1,"1":2,"2":2},"b":{"0":[1,1],"1":[2,2]},"_coverageSchema":"332fd63041d2c1bcb487cc26dd0d5f7d97098a6c","hash":"b4e905c47a161f35e5757258f16b511e75345acf"}
}
