TN:
SF:/Users/eduardo/react-boilerplate/app/global-styles.js
FNF:0
FNH:0
DA:1,0
LF:1
LH:0
BRF:0
BRH:0
end_of_record
TN:
SF:/Users/eduardo/react-boilerplate/app/i18n.js
FN:24,(anonymous_0)
FN:28,(anonymous_1)
FNF:2
FNH:2
FNDA:18,(anonymous_0)
FNDA:386,(anonymous_1)
DA:16,5
DA:17,5
DA:19,5
DA:24,5
DA:25,18
DA:28,18
DA:29,386
DA:32,386
DA:36,5
LF:9
LH:9
BRDA:25,0,0,6
BRDA:25,0,1,12
BRDA:29,1,0,41
BRDA:29,1,1,345
BRDA:29,2,0,386
BRDA:29,2,1,41
BRF:6
BRH:6
end_of_record
TN:
SF:/Users/eduardo/react-boilerplate/app/reducers.js
FN:29,routeReducer
FN:44,createReducer
FNF:2
FNH:2
FNDA:15,routeReducer
FNDA:11,createReducer
DA:22,5
DA:30,15
DA:37,15
DA:45,11
LF:4
LH:4
BRDA:29,0,0,7
BRDA:30,1,0,15
BRF:2
BRH:2
end_of_record
TN:
SF:/Users/eduardo/react-boilerplate/app/store.js
FN:13,configureStore
FNF:1
FNH:1
FNDA:7,configureStore
DA:11,5
DA:17,7
DA:22,7
DA:29,7
DA:35,7
DA:42,7
DA:43,7
DA:58,7
LF:8
LH:8
BRDA:13,0,0,0
BRDA:29,1,0,0
BRDA:29,1,1,7
BRDA:29,2,0,7
BRDA:29,2,1,7
BRDA:29,2,2,7
BRF:6
BRH:4
end_of_record
TN:
SF:/Users/eduardo/react-boilerplate/app/components/A/index.js
FNF:0
FNH:0
DA:7,10
LF:1
LH:1
BRF:0
BRH:0
end_of_record
TN:
SF:/Users/eduardo/react-boilerplate/app/components/Button/A.js
FNF:0
FNH:0
DA:5,2
LF:1
LH:1
BRF:0
BRH:0
end_of_record
TN:
SF:/Users/eduardo/react-boilerplate/app/components/Button/StyledButton.js
FNF:0
FNH:0
DA:5,2
LF:1
LH:1
BRF:0
BRH:0
end_of_record
TN:
SF:/Users/eduardo/react-boilerplate/app/components/Button/Wrapper.js
FNF:0
FNH:0
DA:3,2
LF:1
LH:1
BRF:0
BRH:0
end_of_record
TN:
SF:/Users/eduardo/react-boilerplate/app/components/Button/buttonStyles.js
FNF:0
FNH:0
DA:3,3
LF:1
LH:1
BRF:0
BRH:0
end_of_record
TN:
SF:/Users/eduardo/react-boilerplate/app/components/Button/index.js
FN:15,Button
FNF:1
FNH:1
FNDA:7,Button
DA:18,7
DA:24,7
DA:25,2
DA:32,7
DA:39,1
LF:5
LH:5
BRDA:24,0,0,2
BRDA:24,0,1,5
BRF:2
BRH:2
end_of_record
TN:
SF:/Users/eduardo/react-boilerplate/app/components/Footer/Wrapper.js
FNF:0
FNH:0
DA:3,3
LF:1
LH:1
BRF:0
BRH:0
end_of_record
TN:
SF:/Users/eduardo/react-boilerplate/app/components/Footer/index.js
FN:9,Footer
FNF:1
FNH:1
FNDA:2,Footer
DA:10,2
LF:1
LH:1
BRF:0
BRH:0
end_of_record
TN:
SF:/Users/eduardo/react-boilerplate/app/components/Footer/messages.js
FNF:0
FNH:0
LF:0
LH:0
BRF:0
BRH:0
end_of_record
TN:
SF:/Users/eduardo/react-boilerplate/app/components/H1/index.js
FNF:0
FNH:0
DA:3,3
LF:1
LH:1
BRF:0
BRH:0
end_of_record
TN:
SF:/Users/eduardo/react-boilerplate/app/components/H2/index.js
FNF:0
FNH:0
DA:3,2
LF:1
LH:1
BRF:0
BRH:0
end_of_record
TN:
SF:/Users/eduardo/react-boilerplate/app/components/H3/index.js
FN:3,H3
FNF:1
FNH:1
FNDA:2,H3
DA:4,2
LF:1
LH:1
BRF:0
BRH:0
end_of_record
TN:
SF:/Users/eduardo/react-boilerplate/app/components/Header/A.js
FNF:0
FNH:0
DA:5,3
LF:1
LH:1
BRF:0
BRH:0
end_of_record
TN:
SF:/Users/eduardo/react-boilerplate/app/components/Header/HeaderLink.js
FNF:0
FNH:0
LF:0
LH:0
BRF:0
BRH:0
end_of_record
TN:
SF:/Users/eduardo/react-boilerplate/app/components/Header/Img.js
FNF:0
FNH:0
DA:5,3
LF:1
LH:1
BRF:0
BRH:0
end_of_record
TN:
SF:/Users/eduardo/react-boilerplate/app/components/Header/NavBar.js
FNF:0
FNH:0
LF:0
LH:0
BRF:0
BRH:0
end_of_record
TN:
SF:/Users/eduardo/react-boilerplate/app/components/Header/index.js
FN:12,(anonymous_0)
FNF:1
FNH:1
FNDA:1,(anonymous_0)
DA:13,1
LF:1
LH:1
BRF:0
BRH:0
end_of_record
TN:
SF:/Users/eduardo/react-boilerplate/app/components/Header/messages.js
FNF:0
FNH:0
LF:0
LH:0
BRF:0
BRH:0
end_of_record
TN:
SF:/Users/eduardo/react-boilerplate/app/components/Img/index.js
FN:10,Img
FNF:1
FNH:1
FNDA:10,Img
DA:11,10
DA:17,4
LF:2
LH:2
BRF:0
BRH:0
end_of_record
TN:
SF:/Users/eduardo/react-boilerplate/app/components/IssueIcon/index.js
FN:3,IssueIcon
FNF:1
FNH:1
FNDA:7,IssueIcon
DA:4,7
DA:15,5
LF:2
LH:2
BRF:0
BRH:0
end_of_record
TN:
SF:/Users/eduardo/react-boilerplate/app/components/List/Ul.js
FNF:0
FNH:0
DA:3,4
LF:1
LH:1
BRF:0
BRH:0
end_of_record
TN:
SF:/Users/eduardo/react-boilerplate/app/components/List/Wrapper.js
FNF:0
FNH:0
DA:3,4
LF:1
LH:1
BRF:0
BRH:0
end_of_record
TN:
SF:/Users/eduardo/react-boilerplate/app/components/List/index.js
FN:6,List
FN:12,(anonymous_1)
FNF:2
FNH:2
FNDA:4,List
FNDA:2,(anonymous_1)
DA:7,4
DA:8,4
DA:11,4
DA:12,1
DA:13,2
DA:17,3
DA:20,4
DA:29,3
LF:8
LH:8
BRDA:11,0,0,1
BRDA:11,0,1,3
BRF:2
BRH:2
end_of_record
TN:
SF:/Users/eduardo/react-boilerplate/app/components/ListItem/Item.js
FNF:0
FNH:0
DA:3,6
LF:1
LH:1
BRF:0
BRH:0
end_of_record
TN:
SF:/Users/eduardo/react-boilerplate/app/components/ListItem/Wrapper.js
FNF:0
FNH:0
DA:3,6
LF:1
LH:1
BRF:0
BRH:0
end_of_record
TN:
SF:/Users/eduardo/react-boilerplate/app/components/ListItem/index.js
FN:6,ListItem
FNF:1
FNH:1
FNDA:12,ListItem
DA:7,12
DA:16,5
LF:2
LH:2
BRF:0
BRH:0
end_of_record
TN:
SF:/Users/eduardo/react-boilerplate/app/components/LoadingIndicator/Circle.js
FN:16,(anonymous_0)
FNF:1
FNH:1
FNDA:15,(anonymous_0)
DA:4,4
DA:16,4
DA:17,15
DA:44,15
DA:47,4
LF:5
LH:5
BRDA:23,0,0,15
BRDA:23,0,1,11
BRDA:38,1,0,15
BRDA:38,1,1,11
BRF:4
BRH:4
end_of_record
TN:
SF:/Users/eduardo/react-boilerplate/app/components/LoadingIndicator/Wrapper.js
FNF:0
FNH:0
DA:3,4
LF:1
LH:1
BRF:0
BRH:0
end_of_record
TN:
SF:/Users/eduardo/react-boilerplate/app/components/LoadingIndicator/index.js
FN:6,(anonymous_0)
FNF:1
FNH:1
FNDA:1,(anonymous_0)
DA:6,3
DA:7,1
LF:2
LH:2
BRF:0
BRH:0
end_of_record
TN:
SF:/Users/eduardo/react-boilerplate/app/components/ProgressBar/Percent.js
FNF:0
FNH:0
LF:0
LH:0
BRF:0
BRH:0
end_of_record
TN:
SF:/Users/eduardo/react-boilerplate/app/components/ProgressBar/ProgressBar.js
FN:19,(anonymous_0)
FN:28,(anonymous_1)
FN:32,(anonymous_2)
FN:47,(anonymous_3)
FN:59,(anonymous_4)
FN:72,(anonymous_5)
FN:90,(anonymous_6)
FN:91,(anonymous_7)
FN:94,(anonymous_8)
FN:104,(anonymous_9)
FNF:10
FNH:10
FNDA:21,(anonymous_0)
FNDA:19,(anonymous_1)
FNDA:8,(anonymous_2)
FNDA:3,(anonymous_3)
FNDA:39,(anonymous_4)
FNDA:27,(anonymous_5)
FNDA:5,(anonymous_6)
FNDA:4,(anonymous_7)
FNDA:4,(anonymous_8)
FNDA:91,(anonymous_9)
DA:20,21
DA:21,21
DA:22,21
DA:23,21
DA:29,19
DA:33,8
DA:35,5
DA:36,5
DA:38,8
DA:40,1
DA:41,1
DA:44,8
DA:49,3
DA:50,2
DA:51,2
DA:53,3
DA:54,1
DA:55,1
DA:64,39
DA:65,39
DA:66,39
DA:67,39
DA:77,27
DA:78,12
DA:87,27
DA:88,5
DA:91,5
DA:92,4
DA:94,4
DA:98,22
DA:105,91
DA:108,91
DA:111,91
DA:113,91
DA:121,3
LF:35
LH:35
BRDA:33,0,0,5
BRDA:33,0,1,3
BRDA:38,1,0,1
BRDA:38,1,1,7
BRDA:49,2,0,2
BRDA:49,2,1,1
BRDA:53,3,0,1
BRDA:53,3,1,2
BRDA:66,4,0,39
BRDA:66,4,1,0
BRDA:77,5,0,12
BRDA:77,5,1,15
BRDA:77,6,0,27
BRDA:77,6,1,25
BRDA:77,6,2,17
BRDA:87,7,0,5
BRDA:87,7,1,22
BRDA:108,8,0,91
BRDA:108,8,1,69
BRDA:111,9,0,34
BRDA:111,9,1,57
BRF:21
BRH:20
end_of_record
TN:
SF:/Users/eduardo/react-boilerplate/app/components/ProgressBar/Wrapper.js
FN:8,(anonymous_0)
FN:9,(anonymous_1)
FN:11,(anonymous_2)
FNF:3
FNH:3
FNDA:90,(anonymous_0)
FNDA:90,(anonymous_1)
FNDA:90,(anonymous_2)
DA:8,90
DA:9,90
DA:11,90
LF:3
LH:3
BRDA:8,0,0,23
BRDA:8,0,1,67
BRDA:9,1,0,23
BRDA:9,1,1,67
BRDA:11,2,0,23
BRDA:11,2,1,67
BRF:6
BRH:6
end_of_record
TN:
SF:/Users/eduardo/react-boilerplate/app/components/ProgressBar/index.js
FN:4,withProgressBar
FN:6,(anonymous_1)
FN:15,(anonymous_2)
FN:26,(anonymous_3)
FN:39,(anonymous_4)
FN:44,(anonymous_5)
FN:48,(anonymous_6)
FNF:7
FNH:7
FNDA:2,withProgressBar
FNDA:8,(anonymous_1)
FNDA:8,(anonymous_2)
FNDA:4,(anonymous_3)
FNDA:1,(anonymous_4)
FNDA:2,(anonymous_5)
FNDA:12,(anonymous_6)
DA:7,8
DA:8,8
DA:12,8
DA:27,4
DA:28,4
DA:31,4
DA:32,1
DA:33,1
DA:41,1
DA:45,2
DA:49,12
DA:58,2
DA:63,2
LF:13
LH:13
BRDA:10,0,0,8
BRDA:10,0,1,5
BRDA:31,1,0,1
BRDA:31,1,1,3
BRDA:31,2,0,4
BRDA:31,2,1,2
BRDA:31,2,2,2
BRF:7
BRH:7
end_of_record
TN:
SF:/Users/eduardo/react-boilerplate/app/components/ReposList/index.js
FN:8,ReposList
FN:14,(anonymous_1)
FNF:2
FNH:2
FNDA:5,ReposList
FNDA:2,(anonymous_1)
DA:9,5
DA:10,1
DA:13,4
DA:14,2
DA:15,2
DA:17,2
DA:20,2
DA:21,1
DA:24,1
DA:27,2
LF:10
LH:10
BRDA:9,0,0,1
BRDA:9,0,1,4
BRDA:13,1,0,2
BRDA:13,1,1,2
BRDA:20,2,0,1
BRDA:20,2,1,1
BRF:6
BRH:6
end_of_record
TN:
SF:/Users/eduardo/react-boilerplate/app/components/Toggle/Select.js
FNF:0
FNH:0
DA:3,5
LF:1
LH:1
BRF:0
BRH:0
end_of_record
TN:
SF:/Users/eduardo/react-boilerplate/app/components/Toggle/index.js
FN:12,Toggle
FN:17,(anonymous_1)
FNF:2
FNH:2
FNDA:1,Toggle
FNDA:2,(anonymous_1)
DA:13,1
DA:16,1
DA:17,1
DA:18,2
DA:22,1
DA:29,4
LF:6
LH:6
BRDA:16,0,0,1
BRDA:16,0,1,0
BRF:2
BRH:1
end_of_record
TN:
SF:/Users/eduardo/react-boilerplate/app/components/ToggleOption/index.js
FN:10,(anonymous_0)
FNF:1
FNH:1
FNDA:3,(anonymous_0)
DA:10,5
DA:11,3
DA:16,5
LF:3
LH:3
BRDA:12,0,0,2
BRDA:12,0,1,1
BRF:2
BRH:2
end_of_record
TN:
SF:/Users/eduardo/react-boilerplate/app/containers/App/actions.js
FN:29,loadRepos
FN:43,reposLoaded
FN:58,repoLoadingError
FNF:3
FNH:3
FNDA:5,loadRepos
FNDA:4,reposLoaded
FNDA:4,repoLoadingError
DA:30,5
DA:44,4
DA:59,4
LF:3
LH:3
BRF:0
BRH:0
end_of_record
TN:
SF:/Users/eduardo/react-boilerplate/app/containers/App/constants.js
FNF:0
FNH:0
DA:12,14
DA:13,14
DA:14,14
DA:15,14
LF:4
LH:4
BRF:0
BRH:0
end_of_record
TN:
SF:/Users/eduardo/react-boilerplate/app/containers/App/index.js
FN:26,App
FNF:1
FNH:1
FNDA:3,App
DA:17,1
DA:27,3
DA:43,1
LF:3
LH:3
BRF:0
BRH:0
end_of_record
TN:
SF:/Users/eduardo/react-boilerplate/app/containers/App/reducer.js
FN:31,appReducer
FNF:1
FNH:1
FNDA:19,appReducer
DA:22,6
DA:32,19
DA:34,1
DA:39,1
DA:44,1
DA:48,16
LF:6
LH:6
BRDA:31,0,0,8
BRDA:32,1,0,1
BRDA:32,1,1,1
BRDA:32,1,2,1
BRDA:32,1,3,16
BRF:5
BRH:5
end_of_record
TN:
SF:/Users/eduardo/react-boilerplate/app/containers/App/selectors.js
FN:7,(anonymous_0)
FN:9,(anonymous_1)
FN:11,(anonymous_2)
FN:14,(anonymous_3)
FN:16,(anonymous_4)
FN:19,(anonymous_5)
FN:21,(anonymous_6)
FN:24,(anonymous_7)
FN:26,(anonymous_8)
FN:29,(anonymous_9)
FN:33,(anonymous_10)
FNF:11
FNH:11
FNDA:5,(anonymous_0)
FNDA:4,(anonymous_1)
FNDA:1,(anonymous_2)
FNDA:2,(anonymous_3)
FNDA:1,(anonymous_4)
FNDA:2,(anonymous_5)
FNDA:1,(anonymous_6)
FNDA:2,(anonymous_7)
FNDA:1,(anonymous_8)
FNDA:3,(anonymous_9)
FNDA:4,(anonymous_10)
DA:7,5
DA:9,5
DA:11,1
DA:14,5
DA:16,1
DA:19,5
DA:21,1
DA:24,5
DA:26,1
DA:29,5
DA:33,3
DA:34,4
DA:36,4
DA:37,3
DA:38,3
DA:41,4
LF:16
LH:16
BRDA:36,0,0,3
BRDA:36,0,1,1
BRF:2
BRH:2
end_of_record
TN:
SF:/Users/eduardo/react-boilerplate/app/containers/FeaturePage/List.js
FNF:0
FNH:0
DA:3,2
LF:1
LH:1
BRF:0
BRH:0
end_of_record
TN:
SF:/Users/eduardo/react-boilerplate/app/containers/FeaturePage/ListItem.js
FNF:0
FNH:0
DA:3,2
LF:1
LH:1
BRF:0
BRH:0
end_of_record
TN:
SF:/Users/eduardo/react-boilerplate/app/containers/FeaturePage/ListItemTitle.js
FNF:0
FNH:0
DA:3,2
LF:1
LH:1
BRF:0
BRH:0
end_of_record
TN:
SF:/Users/eduardo/react-boilerplate/app/containers/FeaturePage/index.js
FN:20,(anonymous_0)
FN:24,(anonymous_1)
FNF:2
FNH:1
FNDA:0,(anonymous_0)
FNDA:1,(anonymous_1)
DA:21,0
DA:25,1
LF:2
LH:1
BRF:0
BRH:0
end_of_record
TN:
SF:/Users/eduardo/react-boilerplate/app/containers/FeaturePage/messages.js
FNF:0
FNH:0
LF:0
LH:0
BRF:0
BRH:0
end_of_record
TN:
SF:/Users/eduardo/react-boilerplate/app/containers/HomePage/AtPrefix.js
FNF:0
FNH:0
DA:3,2
LF:1
LH:1
BRF:0
BRH:0
end_of_record
TN:
SF:/Users/eduardo/react-boilerplate/app/containers/HomePage/CenteredSection.js
FNF:0
FNH:0
DA:5,2
LF:1
LH:1
BRF:0
BRH:0
end_of_record
TN:
SF:/Users/eduardo/react-boilerplate/app/containers/HomePage/Form.js
FNF:0
FNH:0
DA:3,2
LF:1
LH:1
BRF:0
BRH:0
end_of_record
TN:
SF:/Users/eduardo/react-boilerplate/app/containers/HomePage/Input.js
FNF:0
FNH:0
DA:3,2
LF:1
LH:1
BRF:0
BRH:0
end_of_record
TN:
SF:/Users/eduardo/react-boilerplate/app/containers/HomePage/Section.js
FNF:0
FNH:0
DA:3,3
LF:1
LH:1
BRF:0
BRH:0
end_of_record
TN:
SF:/Users/eduardo/react-boilerplate/app/containers/HomePage/actions.js
FN:29,changeUsername
FNF:1
FNH:1
FNDA:4,changeUsername
DA:30,4
LF:1
LH:1
BRF:0
BRH:0
end_of_record
TN:
SF:/Users/eduardo/react-boilerplate/app/containers/HomePage/constants.js
FNF:0
FNH:0
DA:12,3
LF:1
LH:1
BRF:0
BRH:0
end_of_record
TN:
SF:/Users/eduardo/react-boilerplate/app/containers/HomePage/index.js
FN:30,(anonymous_0)
FN:36,(anonymous_1)
FN:103,mapDispatchToProps
FN:105,(anonymous_3)
FN:106,(anonymous_4)
FNF:5
FNH:5
FNDA:1,(anonymous_0)
FNDA:2,(anonymous_1)
FNDA:5,mapDispatchToProps
FNDA:1,(anonymous_3)
FNDA:2,(anonymous_4)
DA:31,1
DA:32,1
DA:37,2
DA:38,2
DA:44,2
DA:88,1
DA:104,5
DA:105,1
DA:107,2
DA:108,2
DA:113,1
LF:11
LH:11
BRDA:31,0,0,1
BRDA:31,0,1,0
BRDA:31,1,0,1
BRDA:31,1,1,1
BRDA:107,2,0,1
BRDA:107,2,1,1
BRDA:107,3,0,2
BRDA:107,3,1,1
BRF:8
BRH:7
end_of_record
TN:
SF:/Users/eduardo/react-boilerplate/app/containers/HomePage/messages.js
FNF:0
FNH:0
LF:0
LH:0
BRF:0
BRH:0
end_of_record
TN:
SF:/Users/eduardo/react-boilerplate/app/containers/HomePage/reducer.js
FN:23,homeReducer
FNF:1
FNH:1
FNDA:2,homeReducer
DA:19,1
DA:24,2
DA:28,1
DA:31,1
LF:4
LH:4
BRDA:23,0,0,1
BRDA:24,1,0,1
BRDA:24,1,1,1
BRF:3
BRH:3
end_of_record
TN:
SF:/Users/eduardo/react-boilerplate/app/containers/HomePage/sagas.js
FN:16,getRepos
FN:33,githubData
FNF:2
FNH:2
FNDA:2,getRepos
FNDA:1,githubData
DA:18,2
DA:19,2
DA:21,2
DA:23,2
DA:24,1
DA:26,1
DA:37,1
DA:40,1
DA:41,1
LF:9
LH:9
BRF:0
BRH:0
end_of_record
TN:
SF:/Users/eduardo/react-boilerplate/app/containers/HomePage/selectors.js
FN:7,(anonymous_0)
FN:9,(anonymous_1)
FN:11,(anonymous_2)
FNF:3
FNH:3
FNDA:2,(anonymous_0)
FNDA:4,(anonymous_1)
FNDA:1,(anonymous_2)
DA:7,3
DA:9,4
DA:11,1
LF:3
LH:3
BRF:0
BRH:0
end_of_record
TN:
SF:/Users/eduardo/react-boilerplate/app/containers/LanguageProvider/actions.js
FN:11,changeLocale
FNF:1
FNH:1
FNDA:3,changeLocale
DA:12,3
LF:1
LH:1
BRF:0
BRH:0
end_of_record
TN:
SF:/Users/eduardo/react-boilerplate/app/containers/LanguageProvider/constants.js
FNF:0
FNH:0
DA:7,10
LF:1
LH:1
BRF:0
BRH:0
end_of_record
TN:
SF:/Users/eduardo/react-boilerplate/app/containers/LanguageProvider/index.js
FN:17,(anonymous_0)
FN:34,(anonymous_1)
FNF:2
FNH:2
FNDA:3,(anonymous_0)
FNDA:2,(anonymous_1)
DA:18,3
DA:26,2
DA:32,2
DA:34,2
LF:4
LH:4
BRF:0
BRH:0
end_of_record
TN:
SF:/Users/eduardo/react-boilerplate/app/containers/LanguageProvider/reducer.js
FN:20,languageProviderReducer
FNF:1
FNH:1
FNDA:18,languageProviderReducer
DA:16,7
DA:21,18
DA:23,1
DA:26,17
LF:4
LH:4
BRDA:20,0,0,10
BRDA:21,1,0,1
BRDA:21,1,1,17
BRF:3
BRH:3
end_of_record
TN:
SF:/Users/eduardo/react-boilerplate/app/containers/LanguageProvider/selectors.js
FN:6,(anonymous_0)
FN:12,(anonymous_1)
FN:14,(anonymous_2)
FNF:3
FNH:3
FNDA:4,(anonymous_0)
FNDA:5,(anonymous_1)
FNDA:3,(anonymous_2)
DA:6,5
DA:12,5
DA:14,3
LF:3
LH:3
BRF:0
BRH:0
end_of_record
TN:
SF:/Users/eduardo/react-boilerplate/app/containers/LocaleToggle/Wrapper.js
FNF:0
FNH:0
DA:3,4
LF:1
LH:1
BRF:0
BRH:0
end_of_record
TN:
SF:/Users/eduardo/react-boilerplate/app/containers/LocaleToggle/index.js
FN:19,(anonymous_0)
FN:35,(anonymous_1)
FN:38,mapDispatchToProps
FN:40,(anonymous_3)
FNF:4
FNH:4
FNDA:1,(anonymous_0)
FNDA:1,(anonymous_1)
FNDA:3,mapDispatchToProps
FNDA:1,(anonymous_3)
DA:20,1
DA:28,3
DA:33,3
DA:35,1
DA:39,3
DA:40,1
LF:6
LH:6
BRF:0
BRH:0
end_of_record
TN:
SF:/Users/eduardo/react-boilerplate/app/containers/LocaleToggle/messages.js
FNF:0
FNH:0
LF:0
LH:0
BRF:0
BRH:0
end_of_record
TN:
SF:/Users/eduardo/react-boilerplate/app/containers/NotFoundPage/index.js
FN:13,NotFound
FNF:1
FNH:1
FNDA:1,NotFound
DA:14,1
LF:1
LH:1
BRF:0
BRH:0
end_of_record
TN:
SF:/Users/eduardo/react-boilerplate/app/containers/NotFoundPage/messages.js
FNF:0
FNH:0
LF:0
LH:0
BRF:0
BRH:0
end_of_record
TN:
SF:/Users/eduardo/react-boilerplate/app/containers/RepoListItem/IssueIcon.js
FNF:0
FNH:0
DA:5,4
LF:1
LH:1
BRF:0
BRH:0
end_of_record
TN:
SF:/Users/eduardo/react-boilerplate/app/containers/RepoListItem/IssueLink.js
FNF:0
FNH:0
DA:5,4
LF:1
LH:1
BRF:0
BRH:0
end_of_record
TN:
SF:/Users/eduardo/react-boilerplate/app/containers/RepoListItem/RepoLink.js
FNF:0
FNH:0
DA:5,4
LF:1
LH:1
BRF:0
BRH:0
end_of_record
TN:
SF:/Users/eduardo/react-boilerplate/app/containers/RepoListItem/Wrapper.js
FNF:0
FNH:0
DA:3,4
LF:1
LH:1
BRF:0
BRH:0
end_of_record
TN:
SF:/Users/eduardo/react-boilerplate/app/containers/RepoListItem/index.js
FN:20,(anonymous_0)
FNF:1
FNH:1
FNDA:6,(anonymous_0)
DA:21,6
DA:22,6
DA:26,6
DA:27,5
DA:32,6
DA:44,6
DA:50,3
LF:7
LH:7
BRDA:26,0,0,5
BRDA:26,0,1,1
BRF:2
BRH:2
end_of_record
TN:
SF:/Users/eduardo/react-boilerplate/app/utils/asyncInjectors.js
FN:14,checkStore
FN:32,injectAsyncReducer
FN:33,injectReducer
FN:51,injectAsyncSagas
FN:52,injectSagas
FN:72,getAsyncInjectors
FNF:6
FNH:6
FNDA:12,checkStore
FNDA:5,injectAsyncReducer
FNDA:8,injectReducer
FNDA:3,injectAsyncSagas
FNDA:4,injectSagas
FNDA:2,getAsyncInjectors
DA:15,12
DA:23,12
DA:33,5
DA:34,8
DA:36,8
DA:41,4
DA:43,2
DA:44,2
DA:52,3
DA:53,4
DA:55,4
DA:60,2
DA:65,2
DA:73,2
DA:75,1
LF:15
LH:15
BRDA:34,0,0,7
BRDA:34,0,1,1
BRDA:37,1,0,8
BRDA:37,1,1,7
BRDA:37,1,2,6
BRDA:41,2,0,2
BRDA:41,2,1,2
BRDA:53,3,0,3
BRDA:53,3,1,1
BRF:9
BRH:9
end_of_record
TN:
SF:/Users/eduardo/react-boilerplate/app/utils/request.js
FN:10,parseJSON
FN:21,checkStatus
FN:39,request
FNF:3
FNH:3
FNDA:1,parseJSON
FNDA:2,checkStatus
FNDA:2,request
DA:11,1
DA:22,2
DA:23,1
DA:26,1
DA:27,1
DA:28,1
DA:40,2
LF:7
LH:7
BRDA:22,0,0,1
BRDA:22,0,1,1
BRDA:22,1,0,2
BRDA:22,1,1,2
BRF:4
BRH:4
end_of_record
